VSCodium (1.70.2, undefined, desktop)
Jupyter Extension Version: 2022.8.1002170547.
Python Extension Version: 2022.12.1.
Workspace folder /home/arfors/.config/code
info 22:28:59.364: ZMQ install verified.
info 22:28:59.870: LSP Notebooks experiment is disabled -- not in treatment group
info 22:28:59.981: Experiment status for python is {"enabled":true,"optInto":[],"optOutFrom":[]}
info 22:29:0.77: Process Execution: > /bin/python -c "import pkgutil;import json;print("389a87b7-288f-4235-92bf-73bf19bf6491");print(json.dumps(list([x.name for x in pkgutil.iter_modules()])));print("389a87b7-288f-4235-92bf-73bf19bf6491");"
> /bin/python -c "import pkgutil;import json;print("389a87b7-288f-4235-92bf-73bf19bf6491");print(json.dumps(list([x.name for x in pkgutil.iter_modules()])));print("389a87b7-288f-4235-92bf-73bf19bf6491");"
info 22:29:0.83: Process Execution: > /bin/python -m pip list
> /bin/python -m pip list
info 22:29:0.179: Process Execution: > /bin/python -c "import pip"
> /bin/python -c "import pip"
info 22:48:33.528: Shutting down notebooks for c557ea23-a325-4552-adf9-cf0928190aa2
info 22:48:33.528: Disposing HostJupyterExecution 128ce8c3-d63c-43f4-a23c-fc504c16c98b
info 22:48:33.528: Disposing super HostJupyterExecution 128ce8c3-d63c-43f4-a23c-fc504c16c98b
info 22:48:33.528: Disposing HostJupyterExecution 128ce8c3-d63c-43f4-a23c-fc504c16c98b
info 22:48:33.528: Finished disposing HostJupyterExecution  128ce8c3-d63c-43f4-a23c-fc504c16c98b
info 22:48:33.533: Cleaning up server cache 128ce8c3-d63c-43f4-a23c-fc504c16c98b
info 22:48:33.534: Finished disposing HostJupyterExecution  128ce8c3-d63c-43f4-a23c-fc504c16c98b
