WARNING:pygls.protocol:Cancel notification for unknown message id "4"
WARNING:pygls.protocol:Cancel notification for unknown message id "190"
WARNING:pygls.protocol:Cancel notification for unknown message id "395"
WARNING:pygls.protocol:Cancel notification for unknown message id "420"
WARNING:pygls.protocol:Cancel notification for unknown message id "571"
WARNING:pygls.protocol:Cancel notification for unknown message id "579"
WARNING:pygls.protocol:Cancel notification for unknown message id "580"
WARNING:pygls.protocol:Cancel notification for unknown message id "581"
WARNING:pygls.protocol:Cancel notification for unknown message id "582"
WARNING:pygls.protocol:Cancel notification for unknown message id "607"
WARNING:pygls.protocol:Cancel notification for unknown message id "678"
WARNING:pygls.protocol:Cancel notification for unknown message id "681"
ERROR:pygls.protocol:Failed to handle request 700 textDocument/codeAction partial_result_token=None work_done_token=None text_document=TextDocumentIdentifier(uri='file:///home/arfors/.config/code/python-code/problem/model.py') range=31:12-31:12 context=CodeActionContext(diagnostics=[], only=None)
Traceback (most recent call last):
  File "/home/arfors/.vscode-oss/extensions/ms-python.python-2022.12.1/pythonFiles/lib/jedilsp/pygls/protocol.py", line 331, in _handle_request
    self._execute_request(msg_id, handler, params)
  File "/home/arfors/.vscode-oss/extensions/ms-python.python-2022.12.1/pythonFiles/lib/jedilsp/pygls/protocol.py", line 260, in _execute_request
    method_name, method_type, msg_id, handler(params))
  File "/home/arfors/.vscode-oss/extensions/ms-python.python-2022.12.1/pythonFiles/lib/jedilsp/jedi_language_server/server.py", line 551, in code_action
    extract_variable_refactoring = jedi_script.extract_variable(
  File "/home/arfors/.vscode-oss/extensions/ms-python.python-2022.12.1/pythonFiles/lib/jedilsp/jedi/api/helpers.py", line 487, in wrapper
    return func(self, line, column, *args, **kwargs)
  File "/home/arfors/.vscode-oss/extensions/ms-python.python-2022.12.1/pythonFiles/lib/jedilsp/jedi/api/__init__.py", line 615, in extract_variable
    return extract_variable(
  File "/home/arfors/.vscode-oss/extensions/ms-python.python-2022.12.1/pythonFiles/lib/jedilsp/jedi/api/refactoring/extract.py", line 19, in extract_variable
    nodes = _find_nodes(module_node, pos, until_pos)
  File "/home/arfors/.vscode-oss/extensions/ms-python.python-2022.12.1/pythonFiles/lib/jedilsp/jedi/api/refactoring/extract.py", line 87, in _find_nodes
    nodes = _remove_unwanted_expression_nodes(parent_node, pos, until_pos)
  File "/home/arfors/.vscode-oss/extensions/ms-python.python-2022.12.1/pythonFiles/lib/jedilsp/jedi/api/refactoring/extract.py", line 198, in _remove_unwanted_expression_nodes
    nodes[0:1] = _remove_unwanted_expression_nodes(nodes[0], pos, until_pos)
  File "/home/arfors/.vscode-oss/extensions/ms-python.python-2022.12.1/pythonFiles/lib/jedilsp/jedi/api/refactoring/extract.py", line 196, in _remove_unwanted_expression_nodes
    nodes = nodes[start_index:end_index + 1]
UnboundLocalError: local variable 'start_index' referenced before assignment
[Error - 10:42:31 PM] Request textDocument/codeAction failed.
  Message: UnboundLocalError: local variable 'start_index' referenced before assignment
  Code: -32602 
{'traceback': ['  File "/home/arfors/.vscode-oss/extensions/ms-python.python-2022.12.1/pythonFiles/lib/jedilsp/pygls/protocol.py", line 331, in _handle_request\n    self._execute_request(msg_id, handler, params)\n', '  File "/home/arfors/.vscode-oss/extensions/ms-python.python-2022.12.1/pythonFiles/lib/jedilsp/pygls/protocol.py", line 260, in _execute_request\n    method_name, method_type, msg_id, handler(params))\n', '  File "/home/arfors/.vscode-oss/extensions/ms-python.python-2022.12.1/pythonFiles/lib/jedilsp/jedi_language_server/server.py", line 551, in code_action\n    extract_variable_refactoring = jedi_script.extract_variable(\n', '  File "/home/arfors/.vscode-oss/extensions/ms-python.python-2022.12.1/pythonFiles/lib/jedilsp/jedi/api/helpers.py", line 487, in wrapper\n    return func(self, line, column, *args, **kwargs)\n', '  File "/home/arfors/.vscode-oss/extensions/ms-python.python-2022.12.1/pythonFiles/lib/jedilsp/jedi/api/__init__.py", line 615, in extract_variable\n    return extract_variable(\n', '  File "/home/arfors/.vscode-oss/extensions/ms-python.python-2022.12.1/pythonFiles/lib/jedilsp/jedi/api/refactoring/extract.py", line 19, in extract_variable\n    nodes = _find_nodes(module_node, pos, until_pos)\n', '  File "/home/arfors/.vscode-oss/extensions/ms-python.python-2022.12.1/pythonFiles/lib/jedilsp/jedi/api/refactoring/extract.py", line 87, in _find_nodes\n    nodes = _remove_unwanted_expression_nodes(parent_node, pos, until_pos)\n', '  File "/home/arfors/.vscode-oss/extensions/ms-python.python-2022.12.1/pythonFiles/lib/jedilsp/jedi/api/refactoring/extract.py", line 198, in _remove_unwanted_expression_nodes\n    nodes[0:1] = _remove_unwanted_expression_nodes(nodes[0], pos, until_pos)\n', '  File "/home/arfors/.vscode-oss/extensions/ms-python.python-2022.12.1/pythonFiles/lib/jedilsp/jedi/api/refactoring/extract.py", line 196, in _remove_unwanted_expression_nodes\n    nodes = nodes[start_index:end_index + 1]\n']}
WARNING:pygls.protocol:Cancel notification for unknown message id "726"
