[Info] /home/arfors/.ssh/config: ENOENT: no such file or directory, open '/home/arfors/.ssh/config'
[Info] Registering git provider
[Info] Looking for git repository
[Info] Found 1 repositories during activation
[Info] Git repository found, initializing review manager and pr tree view.
[Info] Review> Validate state in progress
[Info] Review> Validating state...
[Info] Found GitHub remote
[Info] Review> no matching pull request metadata found for current branch master
[Info] Review> no matching pull request metadata found on GitHub for current branch master
[Info] PullRequestTree> Removing PR #undefined from tree
[Info] Review> Queuing additional validate state
[Info] Review> Validating state...
[Info] Found GitHub remote
[Info] Review> no matching pull request metadata found for current branch master
[Info] Review> no matching pull request metadata found on GitHub for current branch master
[Info] PullRequestTree> Removing PR #undefined from tree
[Info] Error signing in to GitHub: HttpError: request to https://api.github.com/user failed, reason: getaddrinfo EAI_AGAIN api.github.com
[Info] HttpError: request to https://api.github.com/user failed, reason: getaddrinfo EAI_AGAIN api.github.com
	at /home/arfors/.vscode-oss/extensions/github.vscode-pull-request-github-0.48.1/dist/extension.js:1131:6565
	at processTicksAndRejections (node:internal/process/task_queues:96:5)
	at async S1.setCurrentUser (/home/arfors/.vscode-oss/extensions/github.vscode-pull-request-github-0.48.1/dist/extension.js:1148:16819)
	at async S1.createHub (/home/arfors/.vscode-oss/extensions/github.vscode-pull-request-github-0.48.1/dist/extension.js:1148:18000)
	at async S1.login (/home/arfors/.vscode-oss/extensions/github.vscode-pull-request-github-0.48.1/dist/extension.js:1148:15989)
	at async Sm.authenticate (/home/arfors/.vscode-oss/extensions/github.vscode-pull-request-github-0.48.1/dist/extension.js:1266:18461)
	at async /home/arfors/.vscode-oss/extensions/github.vscode-pull-request-github-0.48.1/dist/extension.js:1266:6905
	at async a._executeContributedCommand (/usr/share/vscodium/resources/app/out/vs/workbench/api/node/extensionHostProcess.js:85:63914)
[Info] Error signing in to GitHub: HttpError: request to https://api.github.com/user failed, reason: getaddrinfo EAI_AGAIN api.github.com
[Info] HttpError: request to https://api.github.com/user failed, reason: getaddrinfo EAI_AGAIN api.github.com
	at /home/arfors/.vscode-oss/extensions/github.vscode-pull-request-github-0.48.1/dist/extension.js:1131:6565
	at processTicksAndRejections (node:internal/process/task_queues:96:5)
	at async S1.setCurrentUser (/home/arfors/.vscode-oss/extensions/github.vscode-pull-request-github-0.48.1/dist/extension.js:1148:16819)
	at async S1.createHub (/home/arfors/.vscode-oss/extensions/github.vscode-pull-request-github-0.48.1/dist/extension.js:1148:18000)
	at async S1.login (/home/arfors/.vscode-oss/extensions/github.vscode-pull-request-github-0.48.1/dist/extension.js:1148:15989)
	at async Sm.authenticate (/home/arfors/.vscode-oss/extensions/github.vscode-pull-request-github-0.48.1/dist/extension.js:1266:18461)
	at async /home/arfors/.vscode-oss/extensions/github.vscode-pull-request-github-0.48.1/dist/extension.js:1266:6905
	at async a._executeContributedCommand (/usr/share/vscodium/resources/app/out/vs/workbench/api/node/extensionHostProcess.js:85:63914)
