[2022-08-30T21:28:49.578Z] Log level: Info
[2022-08-30T21:28:49.579Z] [info] Validating found git in: git
[2022-08-30T21:28:49.622Z] [info] Using git  from git
[2022-08-30T21:28:49.654Z] > git rev-parse --show-toplevel [18ms]
[2022-08-30T21:28:49.685Z] > git rev-parse --git-dir --git-common-dir [20ms]
[2022-08-30T21:28:49.693Z] [info] Open repository: /home/arfors/.config/code
[2022-08-30T21:28:49.739Z] > git status -z -uall [33ms]
[2022-08-30T21:28:49.755Z] > git rev-parse --show-toplevel [39ms]
[2022-08-30T21:28:49.755Z] fatal: not a git repository (or any of the parent directories): .git
[2022-08-30T21:28:49.767Z] > git symbolic-ref --short HEAD [23ms]
[2022-08-30T21:28:49.833Z] > git for-each-ref --format=%(refname)%00%(upstream:short)%00%(objectname)%00%(upstream:track)%00%(upstream:remotename)%00%(upstream:remoteref) refs/heads/master refs/remotes/master [59ms]
[2022-08-30T21:28:49.850Z] > git remote --verbose [9ms]
[2022-08-30T21:28:49.851Z] > git for-each-ref --sort -committerdate --format %(refname) %(objectname) %(*objectname) [14ms]
[2022-08-30T21:28:49.874Z] > git config --get commit.template [15ms]
[2022-08-30T21:28:49.886Z] > git status -z -uall [6ms]
[2022-08-30T21:28:49.898Z] > git symbolic-ref --short HEAD [7ms]
[2022-08-30T21:28:49.969Z] > git for-each-ref --format=%(refname)%00%(upstream:short)%00%(objectname)%00%(upstream:track)%00%(upstream:remotename)%00%(upstream:remoteref) refs/heads/master refs/remotes/master [67ms]
[2022-08-30T21:28:49.979Z] > git remote --verbose [2ms]
[2022-08-30T21:28:49.980Z] > git for-each-ref --sort -committerdate --format %(refname) %(objectname) %(*objectname) [6ms]
[2022-08-30T21:28:50.055Z] > git config --get commit.template [3ms]
[2022-08-30T21:28:50.204Z] > git config --local branch.master.github-pr-owner-number [2ms]
[2022-08-30T21:28:50.240Z] > git check-ignore -v -z --stdin [1ms]
[2022-08-30T21:28:50.380Z] > git fetch [30ms]
[2022-08-30T21:28:50.380Z] fatal: unable to access 'https://github.com/Dmutro4347/my-studie.git/': Could not resolve host: github.com
[2022-08-30T21:28:51.624Z] > git status -z -uall [47ms]
[2022-08-30T21:28:51.647Z] > git symbolic-ref --short HEAD [16ms]
[2022-08-30T21:28:51.657Z] > git for-each-ref --format=%(refname)%00%(upstream:short)%00%(objectname)%00%(upstream:track)%00%(upstream:remotename)%00%(upstream:remoteref) refs/heads/master refs/remotes/master [2ms]
[2022-08-30T21:28:51.692Z] > git for-each-ref --sort -committerdate --format %(refname) %(objectname) %(*objectname) [28ms]
[2022-08-30T21:28:51.709Z] > git remote --verbose [35ms]
[2022-08-30T21:28:51.726Z] > git config --get commit.template [8ms]
[2022-08-30T21:28:59.902Z] > git check-ignore -v -z --stdin [19ms]
[2022-08-30T21:28:59.984Z] > git show --textconv :python-code/problem/main.py [42ms]
[2022-08-30T21:29:00.000Z] > git ls-files --stage -- /home/arfors/.config/code/python-code/problem/main.py [47ms]
[2022-08-30T21:29:00.028Z] > git cat-file -s aea8c062edcbf3d3785f3b1c4353647a15f25441 [17ms]
[2022-08-30T21:29:09.869Z] > git show --textconv :python-code/problem/json/task-list.json [11ms]
[2022-08-30T21:29:09.870Z] > git ls-files --stage -- /home/arfors/.config/code/python-code/problem/json/task-list.json [1ms]
[2022-08-30T21:29:09.879Z] > git cat-file -s 9660c576edbb5506d0d2be9c907a1d55ab8f4b62 [1ms]
[2022-08-30T21:29:13.867Z] > git show --textconv :python-code/problem/view.py [10ms]
[2022-08-30T21:29:13.868Z] > git ls-files --stage -- /home/arfors/.config/code/python-code/problem/view.py [1ms]
[2022-08-30T21:29:13.878Z] > git cat-file -s 819690a09c8ad62411b33b265015053ac9ced56b [3ms]
[2022-08-30T21:29:29.558Z] > git status -z -uall [10ms]
[2022-08-30T21:29:29.578Z] > git symbolic-ref --short HEAD [5ms]
[2022-08-30T21:29:29.592Z] > git for-each-ref --format=%(refname)%00%(upstream:short)%00%(objectname)%00%(upstream:track)%00%(upstream:remotename)%00%(upstream:remoteref) refs/heads/master refs/remotes/master [2ms]
[2022-08-30T21:29:29.613Z] > git for-each-ref --sort -committerdate --format %(refname) %(objectname) %(*objectname) [11ms]
[2022-08-30T21:29:29.615Z] > git remote --verbose [3ms]
[2022-08-30T21:29:29.631Z] > git config --get commit.template [1ms]
[2022-08-30T21:29:32.809Z] > git show --textconv :python-code/problem/model.py [10ms]
[2022-08-30T21:29:32.810Z] > git ls-files --stage -- /home/arfors/.config/code/python-code/problem/model.py [2ms]
[2022-08-30T21:29:32.823Z] > git cat-file -s 9f40cf40399fc39dfd39c1d9f2f5367c9aac0bb0 [3ms]
[2022-08-30T21:29:34.642Z] > git status -z -uall [1ms]
[2022-08-30T21:29:34.648Z] > git symbolic-ref --short HEAD [1ms]
[2022-08-30T21:29:34.653Z] > git for-each-ref --format=%(refname)%00%(upstream:short)%00%(objectname)%00%(upstream:track)%00%(upstream:remotename)%00%(upstream:remoteref) refs/heads/master refs/remotes/master [1ms]
[2022-08-30T21:29:34.663Z] > git for-each-ref --sort -committerdate --format %(refname) %(objectname) %(*objectname) [5ms]
[2022-08-30T21:29:34.663Z] > git remote --verbose [1ms]
[2022-08-30T21:29:34.670Z] > git config --get commit.template [1ms]
[2022-08-30T21:29:44.501Z] > git show --textconv :python-code/problem/main.py [4ms]
[2022-08-30T21:29:44.502Z] > git ls-files --stage -- /home/arfors/.config/code/python-code/problem/main.py [1ms]
[2022-08-30T21:29:44.507Z] > git cat-file -s aea8c062edcbf3d3785f3b1c4353647a15f25441 [1ms]
[2022-08-30T21:29:54.858Z] > git status -z -uall [4ms]
[2022-08-30T21:29:54.875Z] > git symbolic-ref --short HEAD [3ms]
[2022-08-30T21:29:54.892Z] > git for-each-ref --format=%(refname)%00%(upstream:short)%00%(objectname)%00%(upstream:track)%00%(upstream:remotename)%00%(upstream:remoteref) refs/heads/master refs/remotes/master [3ms]
[2022-08-30T21:29:54.921Z] > git for-each-ref --sort -committerdate --format %(refname) %(objectname) %(*objectname) [16ms]
[2022-08-30T21:29:54.922Z] > git remote --verbose [3ms]
[2022-08-30T21:29:54.937Z] > git config --get commit.template [1ms]
[2022-08-30T21:29:59.946Z] > git status -z -uall [1ms]
[2022-08-30T21:29:59.952Z] > git symbolic-ref --short HEAD [1ms]
[2022-08-30T21:29:59.959Z] > git for-each-ref --format=%(refname)%00%(upstream:short)%00%(objectname)%00%(upstream:track)%00%(upstream:remotename)%00%(upstream:remoteref) refs/heads/master refs/remotes/master [1ms]
[2022-08-30T21:29:59.970Z] > git for-each-ref --sort -committerdate --format %(refname) %(objectname) %(*objectname) [6ms]
[2022-08-30T21:29:59.970Z] > git remote --verbose [1ms]
[2022-08-30T21:29:59.979Z] > git config --get commit.template [1ms]
[2022-08-30T21:30:05.000Z] > git status -z -uall [4ms]
[2022-08-30T21:30:05.019Z] > git symbolic-ref --short HEAD [4ms]
[2022-08-30T21:30:05.037Z] > git for-each-ref --format=%(refname)%00%(upstream:short)%00%(objectname)%00%(upstream:track)%00%(upstream:remotename)%00%(upstream:remoteref) refs/heads/master refs/remotes/master [3ms]
[2022-08-30T21:30:05.070Z] > git for-each-ref --sort -committerdate --format %(refname) %(objectname) %(*objectname) [16ms]
[2022-08-30T21:30:05.071Z] > git remote --verbose [3ms]
[2022-08-30T21:30:05.092Z] > git config --get commit.template [2ms]
[2022-08-30T21:30:10.115Z] > git status -z -uall [5ms]
[2022-08-30T21:30:10.139Z] > git symbolic-ref --short HEAD [5ms]
[2022-08-30T21:30:10.154Z] > git for-each-ref --format=%(refname)%00%(upstream:short)%00%(objectname)%00%(upstream:track)%00%(upstream:remotename)%00%(upstream:remoteref) refs/heads/master refs/remotes/master [2ms]
[2022-08-30T21:30:10.185Z] > git for-each-ref --sort -committerdate --format %(refname) %(objectname) %(*objectname) [16ms]
[2022-08-30T21:30:10.186Z] > git remote --verbose [3ms]
[2022-08-30T21:30:10.208Z] > git config --get commit.template [2ms]
[2022-08-30T21:30:15.217Z] > git status -z -uall [2ms]
[2022-08-30T21:30:15.224Z] > git symbolic-ref --short HEAD [0ms]
[2022-08-30T21:30:15.231Z] > git for-each-ref --format=%(refname)%00%(upstream:short)%00%(objectname)%00%(upstream:track)%00%(upstream:remotename)%00%(upstream:remoteref) refs/heads/master refs/remotes/master [1ms]
[2022-08-30T21:30:15.243Z] > git for-each-ref --sort -committerdate --format %(refname) %(objectname) %(*objectname) [6ms]
[2022-08-30T21:30:15.244Z] > git remote --verbose [2ms]
[2022-08-30T21:30:15.252Z] > git config --get commit.template [0ms]
[2022-08-30T21:35:35.795Z] > git status -z -uall [2ms]
[2022-08-30T21:35:35.807Z] > git fetch [26ms]
[2022-08-30T21:35:35.807Z] fatal: unable to access 'https://github.com/Dmutro4347/my-studie.git/': Could not resolve host: github.com
[2022-08-30T21:35:35.808Z] > git symbolic-ref --short HEAD [2ms]
[2022-08-30T21:35:35.820Z] > git for-each-ref --format=%(refname)%00%(upstream:short)%00%(objectname)%00%(upstream:track)%00%(upstream:remotename)%00%(upstream:remoteref) refs/heads/master refs/remotes/master [2ms]
[2022-08-30T21:35:35.846Z] > git for-each-ref --sort -committerdate --format %(refname) %(objectname) %(*objectname) [15ms]
[2022-08-30T21:35:35.846Z] > git remote --verbose [3ms]
[2022-08-30T21:35:35.862Z] > git config --get commit.template [2ms]
[2022-08-30T21:35:36.969Z] > git ls-files --stage -- /home/arfors/.config/code/python-code/problem/main.py [2ms]
[2022-08-30T21:35:36.979Z] > git cat-file -s aea8c062edcbf3d3785f3b1c4353647a15f25441 [1ms]
[2022-08-30T21:35:36.991Z] > git show --textconv :python-code/problem/main.py [1ms]
[2022-08-30T21:35:41.464Z] > git show --textconv :python-code/problem/model.py [19ms]
[2022-08-30T21:35:41.466Z] > git ls-files --stage -- /home/arfors/.config/code/python-code/problem/model.py [6ms]
[2022-08-30T21:35:41.483Z] > git cat-file -s 9f40cf40399fc39dfd39c1d9f2f5367c9aac0bb0 [1ms]
[2022-08-30T21:36:54.041Z] > git status -z -uall [5ms]
[2022-08-30T21:36:54.061Z] > git symbolic-ref --short HEAD [4ms]
[2022-08-30T21:36:54.074Z] > git for-each-ref --format=%(refname)%00%(upstream:short)%00%(objectname)%00%(upstream:track)%00%(upstream:remotename)%00%(upstream:remoteref) refs/heads/master refs/remotes/master [1ms]
[2022-08-30T21:36:54.094Z] > git for-each-ref --sort -committerdate --format %(refname) %(objectname) %(*objectname) [10ms]
[2022-08-30T21:36:54.094Z] > git remote --verbose [3ms]
[2022-08-30T21:36:54.108Z] > git config --get commit.template [2ms]
[2022-08-30T21:36:59.133Z] > git status -z -uall [6ms]
[2022-08-30T21:36:59.154Z] > git symbolic-ref --short HEAD [4ms]
[2022-08-30T21:36:59.166Z] > git for-each-ref --format=%(refname)%00%(upstream:short)%00%(objectname)%00%(upstream:track)%00%(upstream:remotename)%00%(upstream:remoteref) refs/heads/master refs/remotes/master [3ms]
[2022-08-30T21:36:59.180Z] > git for-each-ref --sort -committerdate --format %(refname) %(objectname) %(*objectname) [8ms]
[2022-08-30T21:36:59.181Z] > git remote --verbose [2ms]
[2022-08-30T21:36:59.191Z] > git config --get commit.template [2ms]
[2022-08-30T21:37:04.216Z] > git status -z -uall [7ms]
[2022-08-30T21:37:04.236Z] > git symbolic-ref --short HEAD [3ms]
[2022-08-30T21:37:04.254Z] > git for-each-ref --format=%(refname)%00%(upstream:short)%00%(objectname)%00%(upstream:track)%00%(upstream:remotename)%00%(upstream:remoteref) refs/heads/master refs/remotes/master [3ms]
[2022-08-30T21:37:04.278Z] > git for-each-ref --sort -committerdate --format %(refname) %(objectname) %(*objectname) [9ms]
[2022-08-30T21:37:04.278Z] > git remote --verbose [1ms]
[2022-08-30T21:37:04.287Z] > git config --get commit.template [1ms]
[2022-08-30T21:37:22.597Z] > git status -z -uall [7ms]
[2022-08-30T21:37:22.607Z] > git symbolic-ref --short HEAD [5ms]
[2022-08-30T21:37:22.612Z] > git for-each-ref --format=%(refname)%00%(upstream:short)%00%(objectname)%00%(upstream:track)%00%(upstream:remotename)%00%(upstream:remoteref) refs/heads/master refs/remotes/master [1ms]
[2022-08-30T21:37:22.622Z] > git remote --verbose [2ms]
[2022-08-30T21:37:22.622Z] > git for-each-ref --sort -committerdate --format %(refname) %(objectname) %(*objectname) [5ms]
[2022-08-30T21:37:22.629Z] > git config --get commit.template [0ms]
[2022-08-30T21:37:27.649Z] > git status -z -uall [4ms]
[2022-08-30T21:37:27.668Z] > git symbolic-ref --short HEAD [4ms]
[2022-08-30T21:37:27.685Z] > git for-each-ref --format=%(refname)%00%(upstream:short)%00%(objectname)%00%(upstream:track)%00%(upstream:remotename)%00%(upstream:remoteref) refs/heads/master refs/remotes/master [3ms]
[2022-08-30T21:37:27.710Z] > git for-each-ref --sort -committerdate --format %(refname) %(objectname) %(*objectname) [11ms]
[2022-08-30T21:37:27.711Z] > git remote --verbose [2ms]
[2022-08-30T21:37:27.723Z] > git config --get commit.template [2ms]
[2022-08-30T21:38:04.197Z] > git status -z -uall [8ms]
[2022-08-30T21:38:04.206Z] > git symbolic-ref --short HEAD [5ms]
[2022-08-30T21:38:04.212Z] > git for-each-ref --format=%(refname)%00%(upstream:short)%00%(objectname)%00%(upstream:track)%00%(upstream:remotename)%00%(upstream:remoteref) refs/heads/master refs/remotes/master [1ms]
[2022-08-30T21:38:04.221Z] > git remote --verbose [1ms]
[2022-08-30T21:38:04.221Z] > git for-each-ref --sort -committerdate --format %(refname) %(objectname) %(*objectname) [5ms]
[2022-08-30T21:38:04.229Z] > git config --get commit.template [1ms]
[2022-08-30T21:38:09.243Z] > git status -z -uall [3ms]
[2022-08-30T21:38:09.259Z] > git symbolic-ref --short HEAD [3ms]
[2022-08-30T21:38:09.273Z] > git for-each-ref --format=%(refname)%00%(upstream:short)%00%(objectname)%00%(upstream:track)%00%(upstream:remotename)%00%(upstream:remoteref) refs/heads/master refs/remotes/master [2ms]
[2022-08-30T21:38:09.295Z] > git for-each-ref --sort -committerdate --format %(refname) %(objectname) %(*objectname) [11ms]
[2022-08-30T21:38:09.296Z] > git remote --verbose [2ms]
[2022-08-30T21:38:09.312Z] > git config --get commit.template [2ms]
[2022-08-30T21:38:14.321Z] > git status -z -uall [2ms]
[2022-08-30T21:38:14.330Z] > git symbolic-ref --short HEAD [3ms]
[2022-08-30T21:38:14.339Z] > git for-each-ref --format=%(refname)%00%(upstream:short)%00%(objectname)%00%(upstream:track)%00%(upstream:remotename)%00%(upstream:remoteref) refs/heads/master refs/remotes/master [2ms]
[2022-08-30T21:38:14.355Z] > git for-each-ref --sort -committerdate --format %(refname) %(objectname) %(*objectname) [9ms]
[2022-08-30T21:38:14.355Z] > git remote --verbose [1ms]
[2022-08-30T21:38:14.365Z] > git config --get commit.template [1ms]
[2022-08-30T21:38:19.386Z] > git status -z -uall [3ms]
[2022-08-30T21:38:19.403Z] > git symbolic-ref --short HEAD [2ms]
[2022-08-30T21:38:19.421Z] > git for-each-ref --format=%(refname)%00%(upstream:short)%00%(objectname)%00%(upstream:track)%00%(upstream:remotename)%00%(upstream:remoteref) refs/heads/master refs/remotes/master [4ms]
[2022-08-30T21:38:19.458Z] > git for-each-ref --sort -committerdate --format %(refname) %(objectname) %(*objectname) [19ms]
[2022-08-30T21:38:19.458Z] > git remote --verbose [6ms]
[2022-08-30T21:38:19.477Z] > git config --get commit.template [2ms]
[2022-08-30T21:38:24.487Z] > git status -z -uall [2ms]
[2022-08-30T21:38:24.494Z] > git symbolic-ref --short HEAD [1ms]
[2022-08-30T21:38:24.501Z] > git for-each-ref --format=%(refname)%00%(upstream:short)%00%(objectname)%00%(upstream:track)%00%(upstream:remotename)%00%(upstream:remoteref) refs/heads/master refs/remotes/master [1ms]
[2022-08-30T21:38:24.513Z] > git for-each-ref --sort -committerdate --format %(refname) %(objectname) %(*objectname) [7ms]
[2022-08-30T21:38:24.514Z] > git remote --verbose [2ms]
[2022-08-30T21:38:24.522Z] > git config --get commit.template [0ms]
[2022-08-30T21:38:24.855Z] > git show --textconv :python-code/problem/main.py [7ms]
[2022-08-30T21:38:24.856Z] > git ls-files --stage -- /home/arfors/.config/code/python-code/problem/main.py [1ms]
[2022-08-30T21:38:24.862Z] > git cat-file -s aea8c062edcbf3d3785f3b1c4353647a15f25441 [1ms]
[2022-08-30T21:38:26.605Z] > git show --textconv :python-code/problem/view.py [10ms]
[2022-08-30T21:38:26.606Z] > git ls-files --stage -- /home/arfors/.config/code/python-code/problem/view.py [4ms]
[2022-08-30T21:38:26.613Z] > git cat-file -s 819690a09c8ad62411b33b265015053ac9ced56b [1ms]
[2022-08-30T21:38:35.825Z] > git fetch [9ms]
[2022-08-30T21:38:35.825Z] fatal: unable to access 'https://github.com/Dmutro4347/my-studie.git/': Could not resolve host: github.com
[2022-08-30T21:38:36.879Z] > git status -z -uall [1ms]
[2022-08-30T21:38:36.887Z] > git symbolic-ref --short HEAD [2ms]
[2022-08-30T21:38:36.893Z] > git for-each-ref --format=%(refname)%00%(upstream:short)%00%(objectname)%00%(upstream:track)%00%(upstream:remotename)%00%(upstream:remoteref) refs/heads/master refs/remotes/master [1ms]
[2022-08-30T21:38:36.904Z] > git for-each-ref --sort -committerdate --format %(refname) %(objectname) %(*objectname) [6ms]
[2022-08-30T21:38:36.904Z] > git remote --verbose [1ms]
[2022-08-30T21:38:36.915Z] > git config --get commit.template [2ms]
[2022-08-30T21:38:36.985Z] > git ls-files --stage -- /home/arfors/.config/code/python-code/problem/view.py [1ms]
[2022-08-30T21:38:36.992Z] > git cat-file -s 819690a09c8ad62411b33b265015053ac9ced56b [1ms]
[2022-08-30T21:38:37.008Z] > git show --textconv :python-code/problem/view.py [4ms]
[2022-08-30T21:38:41.932Z] > git status -z -uall [1ms]
[2022-08-30T21:38:41.944Z] > git symbolic-ref --short HEAD [2ms]
[2022-08-30T21:38:41.956Z] > git for-each-ref --format=%(refname)%00%(upstream:short)%00%(objectname)%00%(upstream:track)%00%(upstream:remotename)%00%(upstream:remoteref) refs/heads/master refs/remotes/master [3ms]
[2022-08-30T21:38:41.971Z] > git for-each-ref --sort -committerdate --format %(refname) %(objectname) %(*objectname) [7ms]
[2022-08-30T21:38:41.972Z] > git remote --verbose [2ms]
[2022-08-30T21:38:41.986Z] > git config --get commit.template [2ms]
[2022-08-30T21:38:47.001Z] > git status -z -uall [3ms]
[2022-08-30T21:38:47.012Z] > git symbolic-ref --short HEAD [0ms]
[2022-08-30T21:38:47.024Z] > git for-each-ref --format=%(refname)%00%(upstream:short)%00%(objectname)%00%(upstream:track)%00%(upstream:remotename)%00%(upstream:remoteref) refs/heads/master refs/remotes/master [3ms]
[2022-08-30T21:38:47.043Z] > git for-each-ref --sort -committerdate --format %(refname) %(objectname) %(*objectname) [10ms]
[2022-08-30T21:38:47.044Z] > git remote --verbose [3ms]
[2022-08-30T21:38:47.055Z] > git config --get commit.template [1ms]
[2022-08-30T21:38:52.075Z] > git status -z -uall [3ms]
[2022-08-30T21:38:52.093Z] > git symbolic-ref --short HEAD [3ms]
[2022-08-30T21:38:52.110Z] > git for-each-ref --format=%(refname)%00%(upstream:short)%00%(objectname)%00%(upstream:track)%00%(upstream:remotename)%00%(upstream:remoteref) refs/heads/master refs/remotes/master [3ms]
[2022-08-30T21:38:52.140Z] > git for-each-ref --sort -committerdate --format %(refname) %(objectname) %(*objectname) [14ms]
[2022-08-30T21:38:52.141Z] > git remote --verbose [2ms]
[2022-08-30T21:38:52.152Z] > git config --get commit.template [1ms]
[2022-08-30T21:38:59.263Z] > git status -z -uall [1ms]
[2022-08-30T21:38:59.275Z] > git symbolic-ref --short HEAD [7ms]
[2022-08-30T21:38:59.286Z] > git for-each-ref --format=%(refname)%00%(upstream:short)%00%(objectname)%00%(upstream:track)%00%(upstream:remotename)%00%(upstream:remoteref) refs/heads/master refs/remotes/master [5ms]
[2022-08-30T21:38:59.297Z] > git for-each-ref --sort -committerdate --format %(refname) %(objectname) %(*objectname) [6ms]
[2022-08-30T21:38:59.298Z] > git remote --verbose [2ms]
[2022-08-30T21:38:59.308Z] > git config --get commit.template [1ms]
[2022-08-30T21:39:04.331Z] > git status -z -uall [5ms]
[2022-08-30T21:39:04.351Z] > git symbolic-ref --short HEAD [3ms]
[2022-08-30T21:39:04.371Z] > git for-each-ref --format=%(refname)%00%(upstream:short)%00%(objectname)%00%(upstream:track)%00%(upstream:remotename)%00%(upstream:remoteref) refs/heads/master refs/remotes/master [4ms]
[2022-08-30T21:39:04.399Z] > git for-each-ref --sort -committerdate --format %(refname) %(objectname) %(*objectname) [11ms]
[2022-08-30T21:39:04.400Z] > git remote --verbose [2ms]
[2022-08-30T21:39:04.414Z] > git config --get commit.template [2ms]
[2022-08-30T21:39:08.493Z] > git show --textconv :python-code/problem/main.py [14ms]
[2022-08-30T21:39:08.494Z] > git ls-files --stage -- /home/arfors/.config/code/python-code/problem/main.py [4ms]
[2022-08-30T21:39:08.507Z] > git cat-file -s aea8c062edcbf3d3785f3b1c4353647a15f25441 [1ms]
[2022-08-30T21:39:09.435Z] > git status -z -uall [4ms]
[2022-08-30T21:39:09.453Z] > git symbolic-ref --short HEAD [3ms]
[2022-08-30T21:39:09.470Z] > git for-each-ref --format=%(refname)%00%(upstream:short)%00%(objectname)%00%(upstream:track)%00%(upstream:remotename)%00%(upstream:remoteref) refs/heads/master refs/remotes/master [3ms]
[2022-08-30T21:39:09.504Z] > git for-each-ref --sort -committerdate --format %(refname) %(objectname) %(*objectname) [15ms]
[2022-08-30T21:39:09.504Z] > git remote --verbose [2ms]
[2022-08-30T21:39:09.515Z] > git config --get commit.template [1ms]
[2022-08-30T21:39:10.727Z] > git show --textconv :python-code/problem/model.py [6ms]
[2022-08-30T21:39:10.727Z] > git ls-files --stage -- /home/arfors/.config/code/python-code/problem/model.py [1ms]
[2022-08-30T21:39:10.733Z] > git cat-file -s 9f40cf40399fc39dfd39c1d9f2f5367c9aac0bb0 [1ms]
[2022-08-30T21:39:22.273Z] > git status -z -uall [22ms]
[2022-08-30T21:39:22.320Z] > git symbolic-ref --short HEAD [24ms]
[2022-08-30T21:39:22.341Z] > git for-each-ref --format=%(refname)%00%(upstream:short)%00%(objectname)%00%(upstream:track)%00%(upstream:remotename)%00%(upstream:remoteref) refs/heads/master refs/remotes/master [5ms]
[2022-08-30T21:39:22.365Z] > git for-each-ref --sort -committerdate --format %(refname) %(objectname) %(*objectname) [10ms]
[2022-08-30T21:39:22.365Z] > git remote --verbose [2ms]
[2022-08-30T21:39:22.375Z] > git config --get commit.template [1ms]
[2022-08-30T21:39:27.385Z] > git status -z -uall [1ms]
[2022-08-30T21:39:27.395Z] > git symbolic-ref --short HEAD [1ms]
[2022-08-30T21:39:27.406Z] > git for-each-ref --format=%(refname)%00%(upstream:short)%00%(objectname)%00%(upstream:track)%00%(upstream:remotename)%00%(upstream:remoteref) refs/heads/master refs/remotes/master [1ms]
[2022-08-30T21:39:27.421Z] > git for-each-ref --sort -committerdate --format %(refname) %(objectname) %(*objectname) [6ms]
[2022-08-30T21:39:27.422Z] > git remote --verbose [1ms]
[2022-08-30T21:39:27.432Z] > git config --get commit.template [2ms]
[2022-08-30T21:39:32.453Z] > git status -z -uall [4ms]
[2022-08-30T21:39:32.473Z] > git symbolic-ref --short HEAD [3ms]
[2022-08-30T21:39:32.492Z] > git for-each-ref --format=%(refname)%00%(upstream:short)%00%(objectname)%00%(upstream:track)%00%(upstream:remotename)%00%(upstream:remoteref) refs/heads/master refs/remotes/master [4ms]
[2022-08-30T21:39:32.515Z] > git for-each-ref --sort -committerdate --format %(refname) %(objectname) %(*objectname) [9ms]
[2022-08-30T21:39:32.515Z] > git remote --verbose [1ms]
[2022-08-30T21:39:32.524Z] > git config --get commit.template [1ms]
[2022-08-30T21:39:37.547Z] > git status -z -uall [3ms]
[2022-08-30T21:39:37.566Z] > git symbolic-ref --short HEAD [3ms]
[2022-08-30T21:39:37.589Z] > git for-each-ref --format=%(refname)%00%(upstream:short)%00%(objectname)%00%(upstream:track)%00%(upstream:remotename)%00%(upstream:remoteref) refs/heads/master refs/remotes/master [3ms]
[2022-08-30T21:39:37.622Z] > git for-each-ref --sort -committerdate --format %(refname) %(objectname) %(*objectname) [19ms]
[2022-08-30T21:39:37.623Z] > git remote --verbose [3ms]
[2022-08-30T21:39:37.647Z] > git config --get commit.template [1ms]
[2022-08-30T21:39:38.212Z] > git show --textconv :python-code/problem/main.py [18ms]
[2022-08-30T21:39:38.214Z] > git ls-files --stage -- /home/arfors/.config/code/python-code/problem/main.py [5ms]
[2022-08-30T21:39:38.231Z] > git cat-file -s aea8c062edcbf3d3785f3b1c4353647a15f25441 [2ms]
[2022-08-30T21:39:44.641Z] > git status -z -uall [19ms]
[2022-08-30T21:39:44.675Z] > git symbolic-ref --short HEAD [18ms]
[2022-08-30T21:39:44.704Z] > git for-each-ref --format=%(refname)%00%(upstream:short)%00%(objectname)%00%(upstream:track)%00%(upstream:remotename)%00%(upstream:remoteref) refs/heads/master refs/remotes/master [15ms]
[2022-08-30T21:39:44.730Z] > git for-each-ref --sort -committerdate --format %(refname) %(objectname) %(*objectname) [12ms]
[2022-08-30T21:39:44.738Z] > git remote --verbose [9ms]
[2022-08-30T21:39:44.750Z] > git config --get commit.template [4ms]
[2022-08-30T21:39:49.757Z] > git status -z -uall [1ms]
[2022-08-30T21:39:49.763Z] > git symbolic-ref --short HEAD [1ms]
[2022-08-30T21:39:49.768Z] > git for-each-ref --format=%(refname)%00%(upstream:short)%00%(objectname)%00%(upstream:track)%00%(upstream:remotename)%00%(upstream:remoteref) refs/heads/master refs/remotes/master [0ms]
[2022-08-30T21:39:49.778Z] > git for-each-ref --sort -committerdate --format %(refname) %(objectname) %(*objectname) [5ms]
[2022-08-30T21:39:49.778Z] > git remote --verbose [1ms]
[2022-08-30T21:39:49.785Z] > git config --get commit.template [1ms]
[2022-08-30T21:39:54.800Z] > git status -z -uall [1ms]
[2022-08-30T21:39:54.810Z] > git symbolic-ref --short HEAD [2ms]
[2022-08-30T21:39:54.819Z] > git for-each-ref --format=%(refname)%00%(upstream:short)%00%(objectname)%00%(upstream:track)%00%(upstream:remotename)%00%(upstream:remoteref) refs/heads/master refs/remotes/master [2ms]
[2022-08-30T21:39:54.838Z] > git for-each-ref --sort -committerdate --format %(refname) %(objectname) %(*objectname) [9ms]
[2022-08-30T21:39:54.839Z] > git remote --verbose [3ms]
[2022-08-30T21:39:54.850Z] > git config --get commit.template [2ms]
[2022-08-30T21:39:59.155Z] > git show --textconv :python-code/problem/view.py [21ms]
[2022-08-30T21:39:59.157Z] > git ls-files --stage -- /home/arfors/.config/code/python-code/problem/view.py [6ms]
[2022-08-30T21:39:59.169Z] > git cat-file -s 819690a09c8ad62411b33b265015053ac9ced56b [1ms]
[2022-08-30T21:39:59.862Z] > git status -z -uall [1ms]
[2022-08-30T21:39:59.869Z] > git symbolic-ref --short HEAD [0ms]
[2022-08-30T21:39:59.875Z] > git for-each-ref --format=%(refname)%00%(upstream:short)%00%(objectname)%00%(upstream:track)%00%(upstream:remotename)%00%(upstream:remoteref) refs/heads/master refs/remotes/master [1ms]
[2022-08-30T21:39:59.885Z] > git for-each-ref --sort -committerdate --format %(refname) %(objectname) %(*objectname) [5ms]
[2022-08-30T21:39:59.885Z] > git remote --verbose [1ms]
[2022-08-30T21:39:59.892Z] > git config --get commit.template [0ms]
[2022-08-30T21:40:03.477Z] > git show --textconv :python-code/problem/main.py [8ms]
[2022-08-30T21:40:03.478Z] > git ls-files --stage -- /home/arfors/.config/code/python-code/problem/main.py [1ms]
[2022-08-30T21:40:03.487Z] > git cat-file -s aea8c062edcbf3d3785f3b1c4353647a15f25441 [2ms]
[2022-08-30T21:40:04.907Z] > git status -z -uall [3ms]
[2022-08-30T21:40:04.922Z] > git symbolic-ref --short HEAD [2ms]
[2022-08-30T21:40:04.937Z] > git for-each-ref --format=%(refname)%00%(upstream:short)%00%(objectname)%00%(upstream:track)%00%(upstream:remotename)%00%(upstream:remoteref) refs/heads/master refs/remotes/master [2ms]
[2022-08-30T21:40:04.961Z] > git for-each-ref --sort -committerdate --format %(refname) %(objectname) %(*objectname) [12ms]
[2022-08-30T21:40:04.961Z] > git remote --verbose [2ms]
[2022-08-30T21:40:04.978Z] > git config --get commit.template [1ms]
[2022-08-30T21:40:09.994Z] > git status -z -uall [1ms]
[2022-08-30T21:40:10.003Z] > git symbolic-ref --short HEAD [1ms]
[2022-08-30T21:40:10.010Z] > git for-each-ref --format=%(refname)%00%(upstream:short)%00%(objectname)%00%(upstream:track)%00%(upstream:remotename)%00%(upstream:remoteref) refs/heads/master refs/remotes/master [1ms]
[2022-08-30T21:40:10.022Z] > git for-each-ref --sort -committerdate --format %(refname) %(objectname) %(*objectname) [5ms]
[2022-08-30T21:40:10.022Z] > git remote --verbose [1ms]
[2022-08-30T21:40:10.030Z] > git config --get commit.template [0ms]
[2022-08-30T21:40:15.036Z] > git status -z -uall [1ms]
[2022-08-30T21:40:15.042Z] > git symbolic-ref --short HEAD [0ms]
[2022-08-30T21:40:15.048Z] > git for-each-ref --format=%(refname)%00%(upstream:short)%00%(objectname)%00%(upstream:track)%00%(upstream:remotename)%00%(upstream:remoteref) refs/heads/master refs/remotes/master [1ms]
[2022-08-30T21:40:15.064Z] > git for-each-ref --sort -committerdate --format %(refname) %(objectname) %(*objectname) [8ms]
[2022-08-30T21:40:15.064Z] > git remote --verbose [1ms]
[2022-08-30T21:40:15.074Z] > git config --get commit.template [0ms]
[2022-08-30T21:40:20.088Z] > git status -z -uall [3ms]
[2022-08-30T21:40:20.102Z] > git symbolic-ref --short HEAD [2ms]
[2022-08-30T21:40:20.117Z] > git for-each-ref --format=%(refname)%00%(upstream:short)%00%(objectname)%00%(upstream:track)%00%(upstream:remotename)%00%(upstream:remoteref) refs/heads/master refs/remotes/master [3ms]
[2022-08-30T21:40:20.144Z] > git remote --verbose [3ms]
[2022-08-30T21:40:20.145Z] > git for-each-ref --sort -committerdate --format %(refname) %(objectname) %(*objectname) [16ms]
[2022-08-30T21:40:20.161Z] > git config --get commit.template [1ms]
[2022-08-30T21:40:25.181Z] > git status -z -uall [4ms]
[2022-08-30T21:40:25.195Z] > git symbolic-ref --short HEAD [3ms]
[2022-08-30T21:40:25.203Z] > git for-each-ref --format=%(refname)%00%(upstream:short)%00%(objectname)%00%(upstream:track)%00%(upstream:remotename)%00%(upstream:remoteref) refs/heads/master refs/remotes/master [2ms]
[2022-08-30T21:40:25.225Z] > git for-each-ref --sort -committerdate --format %(refname) %(objectname) %(*objectname) [11ms]
[2022-08-30T21:40:25.225Z] > git remote --verbose [2ms]
[2022-08-30T21:40:25.238Z] > git config --get commit.template [1ms]
[2022-08-30T21:40:32.437Z] > git status -z -uall [4ms]
[2022-08-30T21:40:32.471Z] > git symbolic-ref --short HEAD [19ms]
[2022-08-30T21:40:32.499Z] > git for-each-ref --format=%(refname)%00%(upstream:short)%00%(objectname)%00%(upstream:track)%00%(upstream:remotename)%00%(upstream:remoteref) refs/heads/master refs/remotes/master [13ms]
[2022-08-30T21:40:32.512Z] > git for-each-ref --sort -committerdate --format %(refname) %(objectname) %(*objectname) [7ms]
[2022-08-30T21:40:32.520Z] > git remote --verbose [9ms]
[2022-08-30T21:40:32.535Z] > git config --get commit.template [7ms]
[2022-08-30T21:40:36.237Z] > git show --textconv :python-code/problem/model.py [9ms]
[2022-08-30T21:40:36.237Z] > git ls-files --stage -- /home/arfors/.config/code/python-code/problem/model.py [1ms]
[2022-08-30T21:40:36.244Z] > git cat-file -s 9f40cf40399fc39dfd39c1d9f2f5367c9aac0bb0 [1ms]
[2022-08-30T21:40:41.016Z] > git status -z -uall [20ms]
[2022-08-30T21:40:41.048Z] > git symbolic-ref --short HEAD [15ms]
[2022-08-30T21:40:41.060Z] > git for-each-ref --format=%(refname)%00%(upstream:short)%00%(objectname)%00%(upstream:track)%00%(upstream:remotename)%00%(upstream:remoteref) refs/heads/master refs/remotes/master [2ms]
[2022-08-30T21:40:41.073Z] > git remote --verbose [2ms]
[2022-08-30T21:40:41.073Z] > git for-each-ref --sort -committerdate --format %(refname) %(objectname) %(*objectname) [6ms]
[2022-08-30T21:40:41.080Z] > git config --get commit.template [1ms]
[2022-08-30T21:40:44.820Z] > git show --textconv :python-code/problem/main.py [7ms]
[2022-08-30T21:40:44.821Z] > git ls-files --stage -- /home/arfors/.config/code/python-code/problem/main.py [2ms]
[2022-08-30T21:40:44.828Z] > git cat-file -s aea8c062edcbf3d3785f3b1c4353647a15f25441 [1ms]
[2022-08-30T21:40:46.098Z] > git status -z -uall [2ms]
[2022-08-30T21:40:46.107Z] > git symbolic-ref --short HEAD [1ms]
[2022-08-30T21:40:46.115Z] > git for-each-ref --format=%(refname)%00%(upstream:short)%00%(objectname)%00%(upstream:track)%00%(upstream:remotename)%00%(upstream:remoteref) refs/heads/master refs/remotes/master [1ms]
[2022-08-30T21:40:46.127Z] > git for-each-ref --sort -committerdate --format %(refname) %(objectname) %(*objectname) [6ms]
[2022-08-30T21:40:46.127Z] > git remote --verbose [1ms]
[2022-08-30T21:40:46.135Z] > git config --get commit.template [1ms]
[2022-08-30T21:40:51.155Z] > git status -z -uall [4ms]
[2022-08-30T21:40:51.173Z] > git symbolic-ref --short HEAD [2ms]
[2022-08-30T21:40:51.191Z] > git for-each-ref --format=%(refname)%00%(upstream:short)%00%(objectname)%00%(upstream:track)%00%(upstream:remotename)%00%(upstream:remoteref) refs/heads/master refs/remotes/master [3ms]
[2022-08-30T21:40:51.221Z] > git for-each-ref --sort -committerdate --format %(refname) %(objectname) %(*objectname) [16ms]
[2022-08-30T21:40:51.221Z] > git remote --verbose [2ms]
[2022-08-30T21:40:51.241Z] > git config --get commit.template [2ms]
[2022-08-30T21:40:54.919Z] > git show --textconv :python-code/problem/view.py [28ms]
[2022-08-30T21:40:54.920Z] > git ls-files --stage -- /home/arfors/.config/code/python-code/problem/view.py [5ms]
[2022-08-30T21:40:54.947Z] > git cat-file -s 819690a09c8ad62411b33b265015053ac9ced56b [9ms]
[2022-08-30T21:41:00.694Z] > git status -z -uall [3ms]
[2022-08-30T21:41:00.707Z] > git symbolic-ref --short HEAD [1ms]
[2022-08-30T21:41:00.724Z] > git for-each-ref --format=%(refname)%00%(upstream:short)%00%(objectname)%00%(upstream:track)%00%(upstream:remotename)%00%(upstream:remoteref) refs/heads/master refs/remotes/master [2ms]
[2022-08-30T21:41:00.736Z] > git for-each-ref --sort -committerdate --format %(refname) %(objectname) %(*objectname) [6ms]
[2022-08-30T21:41:00.736Z] > git remote --verbose [1ms]
[2022-08-30T21:41:00.744Z] > git config --get commit.template [1ms]
[2022-08-30T21:41:05.247Z] > git show --textconv :python-code/problem/model.py [9ms]
[2022-08-30T21:41:05.248Z] > git ls-files --stage -- /home/arfors/.config/code/python-code/problem/model.py [2ms]
[2022-08-30T21:41:05.257Z] > git cat-file -s 9f40cf40399fc39dfd39c1d9f2f5367c9aac0bb0 [1ms]
[2022-08-30T21:41:10.035Z] > git show --textconv :python-code/problem/main.py [12ms]
[2022-08-30T21:41:10.036Z] > git ls-files --stage -- /home/arfors/.config/code/python-code/problem/main.py [2ms]
[2022-08-30T21:41:10.045Z] > git cat-file -s aea8c062edcbf3d3785f3b1c4353647a15f25441 [2ms]
[2022-08-30T21:41:14.826Z] > git status -z -uall [6ms]
[2022-08-30T21:41:14.835Z] > git symbolic-ref --short HEAD [5ms]
[2022-08-30T21:41:14.844Z] > git for-each-ref --format=%(refname)%00%(upstream:short)%00%(objectname)%00%(upstream:track)%00%(upstream:remotename)%00%(upstream:remoteref) refs/heads/master refs/remotes/master [5ms]
[2022-08-30T21:41:14.854Z] > git for-each-ref --sort -committerdate --format %(refname) %(objectname) %(*objectname) [5ms]
[2022-08-30T21:41:14.861Z] > git remote --verbose [7ms]
[2022-08-30T21:41:14.869Z] > git config --get commit.template [1ms]
[2022-08-30T21:41:24.066Z] > git status -z -uall [11ms]
[2022-08-30T21:41:24.084Z] > git symbolic-ref --short HEAD [10ms]
[2022-08-30T21:41:24.100Z] > git for-each-ref --format=%(refname)%00%(upstream:short)%00%(objectname)%00%(upstream:track)%00%(upstream:remotename)%00%(upstream:remoteref) refs/heads/master refs/remotes/master [9ms]
[2022-08-30T21:41:24.117Z] > git for-each-ref --sort -committerdate --format %(refname) %(objectname) %(*objectname) [9ms]
[2022-08-30T21:41:24.131Z] > git remote --verbose [15ms]
[2022-08-30T21:41:24.155Z] > git config --get commit.template [5ms]
[2022-08-30T21:41:29.169Z] > git status -z -uall [1ms]
[2022-08-30T21:41:29.175Z] > git symbolic-ref --short HEAD [0ms]
[2022-08-30T21:41:29.181Z] > git for-each-ref --format=%(refname)%00%(upstream:short)%00%(objectname)%00%(upstream:track)%00%(upstream:remotename)%00%(upstream:remoteref) refs/heads/master refs/remotes/master [1ms]
[2022-08-30T21:41:29.193Z] > git for-each-ref --sort -committerdate --format %(refname) %(objectname) %(*objectname) [7ms]
[2022-08-30T21:41:29.193Z] > git remote --verbose [1ms]
[2022-08-30T21:41:29.202Z] > git config --get commit.template [1ms]
[2022-08-30T21:41:35.847Z] > git fetch [7ms]
[2022-08-30T21:41:35.847Z] fatal: unable to access 'https://github.com/Dmutro4347/my-studie.git/': Could not resolve host: github.com
[2022-08-30T21:41:36.911Z] > git status -z -uall [1ms]
[2022-08-30T21:41:36.917Z] > git symbolic-ref --short HEAD [1ms]
[2022-08-30T21:41:36.922Z] > git for-each-ref --format=%(refname)%00%(upstream:short)%00%(objectname)%00%(upstream:track)%00%(upstream:remotename)%00%(upstream:remoteref) refs/heads/master refs/remotes/master [1ms]
[2022-08-30T21:41:36.930Z] > git for-each-ref --sort -committerdate --format %(refname) %(objectname) %(*objectname) [4ms]
[2022-08-30T21:41:36.930Z] > git remote --verbose [1ms]
[2022-08-30T21:41:36.936Z] > git config --get commit.template [1ms]
[2022-08-30T21:41:37.020Z] > git ls-files --stage -- /home/arfors/.config/code/python-code/problem/main.py [3ms]
[2022-08-30T21:41:37.048Z] > git cat-file -s aea8c062edcbf3d3785f3b1c4353647a15f25441 [14ms]
[2022-08-30T21:41:37.078Z] > git show --textconv :python-code/problem/main.py [4ms]
[2022-08-30T21:41:41.956Z] > git show --textconv :python-code/problem/model.py [20ms]
[2022-08-30T21:41:41.957Z] > git ls-files --stage -- /home/arfors/.config/code/python-code/problem/model.py [5ms]
[2022-08-30T21:41:41.981Z] > git cat-file -s 9f40cf40399fc39dfd39c1d9f2f5367c9aac0bb0 [6ms]
[2022-08-30T21:41:49.527Z] > git status -z -uall [2ms]
[2022-08-30T21:41:49.547Z] > git symbolic-ref --short HEAD [10ms]
[2022-08-30T21:41:49.575Z] > git show --textconv :python-code/problem/main.py [7ms]
[2022-08-30T21:41:49.575Z] > git for-each-ref --format=%(refname)%00%(upstream:short)%00%(objectname)%00%(upstream:track)%00%(upstream:remotename)%00%(upstream:remoteref) refs/heads/master refs/remotes/master [23ms]
[2022-08-30T21:41:49.588Z] > git for-each-ref --sort -committerdate --format %(refname) %(objectname) %(*objectname) [7ms]
[2022-08-30T21:41:49.589Z] > git ls-files --stage -- /home/arfors/.config/code/python-code/problem/main.py [15ms]
[2022-08-30T21:41:49.596Z] > git cat-file -s aea8c062edcbf3d3785f3b1c4353647a15f25441 [2ms]
[2022-08-30T21:41:49.597Z] > git remote --verbose [10ms]
[2022-08-30T21:41:49.609Z] > git config --get commit.template [3ms]
[2022-08-30T21:41:51.601Z] > git show --textconv :python-code/problem/model.py [17ms]
[2022-08-30T21:41:51.601Z] > git ls-files --stage -- /home/arfors/.config/code/python-code/problem/model.py [1ms]
[2022-08-30T21:41:51.609Z] > git cat-file -s 9f40cf40399fc39dfd39c1d9f2f5367c9aac0bb0 [1ms]
[2022-08-30T21:41:55.771Z] > git status -z -uall [20ms]
[2022-08-30T21:41:55.803Z] > git symbolic-ref --short HEAD [17ms]
[2022-08-30T21:41:55.822Z] > git for-each-ref --format=%(refname)%00%(upstream:short)%00%(objectname)%00%(upstream:track)%00%(upstream:remotename)%00%(upstream:remoteref) refs/heads/master refs/remotes/master [4ms]
[2022-08-30T21:41:55.844Z] > git remote --verbose [2ms]
[2022-08-30T21:41:55.844Z] > git for-each-ref --sort -committerdate --format %(refname) %(objectname) %(*objectname) [11ms]
[2022-08-30T21:41:55.856Z] > git config --get commit.template [1ms]
[2022-08-30T21:41:57.616Z] > git show --textconv :python-code/problem/main.py [8ms]
[2022-08-30T21:41:57.616Z] > git ls-files --stage -- /home/arfors/.config/code/python-code/problem/main.py [1ms]
[2022-08-30T21:41:57.626Z] > git cat-file -s aea8c062edcbf3d3785f3b1c4353647a15f25441 [2ms]
[2022-08-30T21:42:00.876Z] > git status -z -uall [4ms]
[2022-08-30T21:42:00.894Z] > git symbolic-ref --short HEAD [3ms]
[2022-08-30T21:42:00.912Z] > git for-each-ref --format=%(refname)%00%(upstream:short)%00%(objectname)%00%(upstream:track)%00%(upstream:remotename)%00%(upstream:remoteref) refs/heads/master refs/remotes/master [3ms]
[2022-08-30T21:42:00.942Z] > git for-each-ref --sort -committerdate --format %(refname) %(objectname) %(*objectname) [15ms]
[2022-08-30T21:42:00.943Z] > git remote --verbose [2ms]
[2022-08-30T21:42:00.964Z] > git config --get commit.template [2ms]
[2022-08-30T21:42:22.023Z] > git show --textconv :python-code/problem/model.py [20ms]
[2022-08-30T21:42:22.029Z] > git ls-files --stage -- /home/arfors/.config/code/python-code/problem/model.py [7ms]
[2022-08-30T21:42:22.049Z] > git cat-file -s 9f40cf40399fc39dfd39c1d9f2f5367c9aac0bb0 [3ms]
[2022-08-30T21:42:31.818Z] > git status -z -uall [2ms]
[2022-08-30T21:42:31.832Z] > git symbolic-ref --short HEAD [2ms]
[2022-08-30T21:42:31.841Z] > git for-each-ref --format=%(refname)%00%(upstream:short)%00%(objectname)%00%(upstream:track)%00%(upstream:remotename)%00%(upstream:remoteref) refs/heads/master refs/remotes/master [1ms]
[2022-08-30T21:42:31.856Z] > git for-each-ref --sort -committerdate --format %(refname) %(objectname) %(*objectname) [8ms]
[2022-08-30T21:42:31.856Z] > git remote --verbose [1ms]
[2022-08-30T21:42:31.865Z] > git config --get commit.template [1ms]
[2022-08-30T21:42:36.885Z] > git status -z -uall [4ms]
[2022-08-30T21:42:36.899Z] > git symbolic-ref --short HEAD [1ms]
[2022-08-30T21:42:36.904Z] > git for-each-ref --format=%(refname)%00%(upstream:short)%00%(objectname)%00%(upstream:track)%00%(upstream:remotename)%00%(upstream:remoteref) refs/heads/master refs/remotes/master [1ms]
[2022-08-30T21:42:36.913Z] > git for-each-ref --sort -committerdate --format %(refname) %(objectname) %(*objectname) [4ms]
[2022-08-30T21:42:36.913Z] > git remote --verbose [0ms]
[2022-08-30T21:42:36.920Z] > git config --get commit.template [0ms]
[2022-08-30T21:42:41.934Z] > git status -z -uall [3ms]
[2022-08-30T21:42:41.948Z] > git symbolic-ref --short HEAD [2ms]
[2022-08-30T21:42:41.963Z] > git for-each-ref --format=%(refname)%00%(upstream:short)%00%(objectname)%00%(upstream:track)%00%(upstream:remotename)%00%(upstream:remoteref) refs/heads/master refs/remotes/master [3ms]
[2022-08-30T21:42:41.986Z] > git for-each-ref --sort -committerdate --format %(refname) %(objectname) %(*objectname) [15ms]
[2022-08-30T21:42:41.987Z] > git remote --verbose [1ms]
[2022-08-30T21:42:42.008Z] > git config --get commit.template [1ms]
[2022-08-30T21:42:43.101Z] > git show --textconv :python-code/problem/main.py [13ms]
[2022-08-30T21:42:43.102Z] > git ls-files --stage -- /home/arfors/.config/code/python-code/problem/main.py [3ms]
[2022-08-30T21:42:43.115Z] > git cat-file -s aea8c062edcbf3d3785f3b1c4353647a15f25441 [3ms]
[2022-08-30T21:42:47.029Z] > git status -z -uall [4ms]
[2022-08-30T21:42:47.042Z] > git symbolic-ref --short HEAD [2ms]
[2022-08-30T21:42:47.054Z] > git for-each-ref --format=%(refname)%00%(upstream:short)%00%(objectname)%00%(upstream:track)%00%(upstream:remotename)%00%(upstream:remoteref) refs/heads/master refs/remotes/master [2ms]
[2022-08-30T21:42:47.077Z] > git for-each-ref --sort -committerdate --format %(refname) %(objectname) %(*objectname) [12ms]
[2022-08-30T21:42:47.077Z] > git remote --verbose [2ms]
[2022-08-30T21:42:47.095Z] > git config --get commit.template [2ms]
[2022-08-30T21:42:51.839Z] > git show --textconv :python-code/problem/model.py [19ms]
[2022-08-30T21:42:51.845Z] > git ls-files --stage -- /home/arfors/.config/code/python-code/problem/model.py [9ms]
[2022-08-30T21:42:51.862Z] > git cat-file -s 9f40cf40399fc39dfd39c1d9f2f5367c9aac0bb0 [2ms]
[2022-08-30T21:43:06.827Z] > git status -z -uall [4ms]
[2022-08-30T21:43:06.845Z] > git symbolic-ref --short HEAD [3ms]
[2022-08-30T21:43:06.863Z] > git for-each-ref --format=%(refname)%00%(upstream:short)%00%(objectname)%00%(upstream:track)%00%(upstream:remotename)%00%(upstream:remoteref) refs/heads/master refs/remotes/master [3ms]
[2022-08-30T21:43:06.894Z] > git for-each-ref --sort -committerdate --format %(refname) %(objectname) %(*objectname) [14ms]
[2022-08-30T21:43:06.895Z] > git remote --verbose [2ms]
[2022-08-30T21:43:06.905Z] > git config --get commit.template [1ms]
[2022-08-30T21:43:10.957Z] > git show --textconv :python-code/problem/main.py [7ms]
[2022-08-30T21:43:10.958Z] > git ls-files --stage -- /home/arfors/.config/code/python-code/problem/main.py [2ms]
[2022-08-30T21:43:10.965Z] > git cat-file -s aea8c062edcbf3d3785f3b1c4353647a15f25441 [1ms]
[2022-08-30T21:43:11.920Z] > git status -z -uall [2ms]
[2022-08-30T21:43:11.940Z] > git symbolic-ref --short HEAD [2ms]
[2022-08-30T21:43:11.962Z] > git for-each-ref --format=%(refname)%00%(upstream:short)%00%(objectname)%00%(upstream:track)%00%(upstream:remotename)%00%(upstream:remoteref) refs/heads/master refs/remotes/master [2ms]
[2022-08-30T21:43:11.993Z] > git for-each-ref --sort -committerdate --format %(refname) %(objectname) %(*objectname) [16ms]
[2022-08-30T21:43:11.993Z] > git remote --verbose [1ms]
[2022-08-30T21:43:12.019Z] > git config --get commit.template [5ms]
[2022-08-30T21:43:17.031Z] > git status -z -uall [1ms]
[2022-08-30T21:43:17.039Z] > git symbolic-ref --short HEAD [2ms]
[2022-08-30T21:43:17.046Z] > git for-each-ref --format=%(refname)%00%(upstream:short)%00%(objectname)%00%(upstream:track)%00%(upstream:remotename)%00%(upstream:remoteref) refs/heads/master refs/remotes/master [1ms]
[2022-08-30T21:43:17.057Z] > git for-each-ref --sort -committerdate --format %(refname) %(objectname) %(*objectname) [6ms]
[2022-08-30T21:43:17.057Z] > git remote --verbose [1ms]
[2022-08-30T21:43:17.065Z] > git config --get commit.template [1ms]
[2022-08-30T21:44:01.608Z] > git check-ignore -v -z --stdin [3ms]
[2022-08-30T21:44:12.038Z] > git add -A -- . [3ms]
[2022-08-30T21:44:12.052Z] > git -c user.useConfigOnly=true commit --quiet --allow-empty-message --file - --allow-empty-message [7ms]
[2022-08-30T21:44:12.061Z] > git status -z -uall [2ms]
[2022-08-30T21:44:12.074Z] > git symbolic-ref --short HEAD [2ms]
[2022-08-30T21:44:12.090Z] > git for-each-ref --format=%(refname)%00%(upstream:short)%00%(objectname)%00%(upstream:track)%00%(upstream:remotename)%00%(upstream:remoteref) refs/heads/master refs/remotes/master [2ms]
[2022-08-30T21:44:12.131Z] > git for-each-ref --sort -committerdate --format %(refname) %(objectname) %(*objectname) [27ms]
[2022-08-30T21:44:12.133Z] > git remote --verbose [12ms]
[2022-08-30T21:44:12.161Z] > git config --get commit.template [2ms]
[2022-08-30T21:44:12.354Z] > git config --local branch.master.github-pr-owner-number [1ms]
[2022-08-30T21:44:13.247Z] > git ls-files --stage -- /home/arfors/.config/code/python-code/problem/main.py [3ms]
[2022-08-30T21:44:13.264Z] > git cat-file -s 1d1677d23dba3da068c0bf7521f54f2c25aed7f9 [3ms]
[2022-08-30T21:44:13.283Z] > git show --textconv :python-code/problem/main.py [1ms]
[2022-08-30T21:44:33.398Z] > git log --oneline --cherry master...master@{upstream} -- [4ms]
[2022-08-30T21:44:33.424Z] > git pull --tags origin master [13ms]
[2022-08-30T21:44:33.424Z] fatal: unable to access 'https://github.com/Dmutro4347/my-studie.git/': Could not resolve host: github.com
[2022-08-30T21:44:35.270Z] > git status -z -uall [2ms]
[2022-08-30T21:44:35.299Z] > git symbolic-ref --short HEAD [18ms]
[2022-08-30T21:44:35.315Z] > git ls-files --stage -- /home/arfors/.config/code/python-code/problem/main.py [18ms]
[2022-08-30T21:44:35.332Z] > git for-each-ref --format=%(refname)%00%(upstream:short)%00%(objectname)%00%(upstream:track)%00%(upstream:remotename)%00%(upstream:remoteref) refs/heads/master refs/remotes/master [18ms]
[2022-08-30T21:44:35.360Z] > git for-each-ref --sort -committerdate --format %(refname) %(objectname) %(*objectname) [14ms]
[2022-08-30T21:44:35.361Z] > git cat-file -s 1d1677d23dba3da068c0bf7521f54f2c25aed7f9 [29ms]
[2022-08-30T21:44:35.363Z] > git remote --verbose [4ms]
[2022-08-30T21:44:35.401Z] > git show --textconv :python-code/problem/main.py [16ms]
[2022-08-30T21:44:35.401Z] > git config --get commit.template [2ms]
[2022-08-30T21:44:35.886Z] > git fetch [24ms]
[2022-08-30T21:44:35.886Z] fatal: unable to access 'https://github.com/Dmutro4347/my-studie.git/': Could not resolve host: github.com
[2022-08-30T21:44:37.045Z] > git ls-files --stage -- /home/arfors/.config/code/python-code/problem/main.py [4ms]
[2022-08-30T21:44:37.062Z] > git cat-file -s 1d1677d23dba3da068c0bf7521f54f2c25aed7f9 [3ms]
[2022-08-30T21:44:37.084Z] > git show --textconv :python-code/problem/main.py [2ms]
[2022-08-30T21:44:40.418Z] > git status -z -uall [2ms]
[2022-08-30T21:44:40.427Z] > git symbolic-ref --short HEAD [1ms]
[2022-08-30T21:44:40.437Z] > git for-each-ref --format=%(refname)%00%(upstream:short)%00%(objectname)%00%(upstream:track)%00%(upstream:remotename)%00%(upstream:remoteref) refs/heads/master refs/remotes/master [1ms]
[2022-08-30T21:44:40.465Z] > git for-each-ref --sort -committerdate --format %(refname) %(objectname) %(*objectname) [19ms]
[2022-08-30T21:44:40.466Z] > git remote --verbose [4ms]
[2022-08-30T21:44:40.486Z] > git config --get commit.template [1ms]
[2022-08-30T21:46:55.470Z] > git check-ignore -v -z --stdin [3ms]
[2022-08-30T21:46:55.973Z] > git status -z -uall [4ms]
[2022-08-30T21:46:55.991Z] > git symbolic-ref --short HEAD [2ms]
[2022-08-30T21:46:56.010Z] > git for-each-ref --format=%(refname)%00%(upstream:short)%00%(objectname)%00%(upstream:track)%00%(upstream:remotename)%00%(upstream:remoteref) refs/heads/master refs/remotes/master [3ms]
[2022-08-30T21:46:56.042Z] > git for-each-ref --sort -committerdate --format %(refname) %(objectname) %(*objectname) [17ms]
[2022-08-30T21:46:56.043Z] > git remote --verbose [3ms]
[2022-08-30T21:46:56.058Z] > git config --get commit.template [2ms]
[2022-08-30T21:47:12.412Z] > git show --textconv :informatic protect/main.txt [8ms]
[2022-08-30T21:47:12.413Z] > git ls-files --stage -- /home/arfors/.config/code/informatic protect/main.txt [2ms]
[2022-08-30T21:47:12.713Z] > git check-ignore -v -z --stdin [3ms]
[2022-08-30T21:47:13.232Z] > git status -z -uall [3ms]
[2022-08-30T21:47:13.242Z] > git symbolic-ref --short HEAD [1ms]
[2022-08-30T21:47:13.253Z] > git for-each-ref --format=%(refname)%00%(upstream:short)%00%(objectname)%00%(upstream:track)%00%(upstream:remotename)%00%(upstream:remoteref) refs/heads/master refs/remotes/master [2ms]
[2022-08-30T21:47:13.271Z] > git for-each-ref --sort -committerdate --format %(refname) %(objectname) %(*objectname) [10ms]
[2022-08-30T21:47:13.271Z] > git remote --verbose [1ms]
[2022-08-30T21:47:13.282Z] > git config --get commit.template [1ms]
[2022-08-30T21:47:35.910Z] > git fetch [7ms]
[2022-08-30T21:47:35.910Z] fatal: unable to access 'https://github.com/Dmutro4347/my-studie.git/': Could not resolve host: github.com
[2022-08-30T21:47:36.973Z] > git status -z -uall [1ms]
[2022-08-30T21:47:36.979Z] > git symbolic-ref --short HEAD [1ms]
[2022-08-30T21:47:36.984Z] > git for-each-ref --format=%(refname)%00%(upstream:short)%00%(objectname)%00%(upstream:track)%00%(upstream:remotename)%00%(upstream:remoteref) refs/heads/master refs/remotes/master [1ms]
[2022-08-30T21:47:36.993Z] > git for-each-ref --sort -committerdate --format %(refname) %(objectname) %(*objectname) [4ms]
[2022-08-30T21:47:36.994Z] > git remote --verbose [1ms]
[2022-08-30T21:47:37.002Z] > git config --get commit.template [2ms]
[2022-08-30T21:47:37.086Z] > git ls-files --stage -- /home/arfors/.config/code/informatic protect/main.txt [4ms]
[2022-08-30T21:47:37.110Z] > git show --textconv :informatic protect/main.txt [5ms]
