[2022-08-30T22:01:34.320Z] Log level: Info
[2022-08-30T22:01:34.321Z] [info] Validating found git in: git
[2022-08-30T22:01:34.334Z] [info] Using git  from git
[2022-08-30T22:01:34.351Z] > git rev-parse --show-toplevel [9ms]
[2022-08-30T22:01:34.398Z] > git rev-parse --git-dir --git-common-dir [32ms]
[2022-08-30T22:01:34.403Z] [info] Open repository: /home/arfors/.config/code
[2022-08-30T22:01:34.424Z] > git status -z -uall [10ms]
[2022-08-30T22:01:34.503Z] > git symbolic-ref --short HEAD [73ms]
[2022-08-30T22:01:34.507Z] > git fetch [98ms]
[2022-08-30T22:01:34.507Z] fatal: unable to access 'https://github.com/Dmutro4347/my-studie.git/': Could not resolve host: github.com
[2022-08-30T22:01:34.536Z] > git for-each-ref --format=%(refname)%00%(upstream:short)%00%(objectname)%00%(upstream:track)%00%(upstream:remotename)%00%(upstream:remoteref) refs/heads/master refs/remotes/master [28ms]
[2022-08-30T22:01:34.550Z] > git remote --verbose [7ms]
[2022-08-30T22:01:34.550Z] > git for-each-ref --sort -committerdate --format %(refname) %(objectname) %(*objectname) [11ms]
[2022-08-30T22:01:34.572Z] > git config --get commit.template [13ms]
[2022-08-30T22:01:34.605Z] > git status -z -uall [27ms]
[2022-08-30T22:01:34.660Z] > git symbolic-ref --short HEAD [47ms]
[2022-08-30T22:01:34.757Z] > git for-each-ref --format=%(refname)%00%(upstream:short)%00%(objectname)%00%(upstream:track)%00%(upstream:remotename)%00%(upstream:remoteref) refs/heads/master refs/remotes/master [94ms]
[2022-08-30T22:01:34.775Z] > git for-each-ref --sort -committerdate --format %(refname) %(objectname) %(*objectname) [14ms]
[2022-08-30T22:01:34.776Z] > git config --local branch.master.github-pr-owner-number [2ms]
[2022-08-30T22:01:34.777Z] > git remote --verbose [13ms]
[2022-08-30T22:01:34.790Z] > git config --get commit.template [6ms]
[2022-08-30T22:01:34.905Z] > git show --textconv :informatic protect/main.txt [6ms]
[2022-08-30T22:01:34.906Z] > git ls-files --stage -- /home/arfors/.config/code/informatic protect/main.txt [2ms]
[2022-08-30T22:01:35.000Z] > git check-ignore -v -z --stdin [1ms]
[2022-08-30T22:01:35.652Z] > git ls-files --stage -- /home/arfors/.config/code/informatic protect/main.txt [14ms]
[2022-08-30T22:01:35.694Z] > git show --textconv :informatic protect/main.txt [34ms]
[2022-08-30T22:01:48.409Z] > git check-ignore -v -z --stdin [1ms]
[2022-08-30T22:01:52.262Z] > git show --textconv :python-code/problem/main.py [62ms]
[2022-08-30T22:01:52.262Z] > git ls-files --stage -- /home/arfors/.config/code/python-code/problem/main.py [49ms]
[2022-08-30T22:01:52.301Z] > git cat-file -s 1d1677d23dba3da068c0bf7521f54f2c25aed7f9 [31ms]
[2022-08-30T22:01:59.738Z] > git show --textconv :python-code/problem/model.py [36ms]
[2022-08-30T22:01:59.740Z] > git ls-files --stage -- /home/arfors/.config/code/python-code/problem/model.py [16ms]
[2022-08-30T22:01:59.751Z] > git cat-file -s b7b1572217a90a2d3bb906bb0de368b32688c8f5 [3ms]
[2022-08-30T22:02:07.174Z] > git show --textconv :python-code/problem/view.py [10ms]
[2022-08-30T22:02:07.175Z] > git ls-files --stage -- /home/arfors/.config/code/python-code/problem/view.py [2ms]
[2022-08-30T22:02:07.183Z] > git cat-file -s 09ca90997af2eb698e4bc07aa3d9f1838595708e [0ms]
[2022-08-30T22:02:07.462Z] > git show --textconv :python-code/problem/json/task-list.json [13ms]
[2022-08-30T22:02:07.462Z] > git ls-files --stage -- /home/arfors/.config/code/python-code/problem/json/task-list.json [1ms]
[2022-08-30T22:02:07.473Z] > git cat-file -s 9660c576edbb5506d0d2be9c907a1d55ab8f4b62 [2ms]
[2022-08-30T22:02:31.645Z] > git check-ignore -v -z --stdin [2ms]
[2022-08-30T22:02:32.159Z] > git status -z -uall [1ms]
[2022-08-30T22:02:32.167Z] > git symbolic-ref --short HEAD [1ms]
[2022-08-30T22:02:32.177Z] > git for-each-ref --format=%(refname)%00%(upstream:short)%00%(objectname)%00%(upstream:track)%00%(upstream:remotename)%00%(upstream:remoteref) refs/heads/master refs/remotes/master [2ms]
[2022-08-30T22:02:32.193Z] > git remote --verbose [2ms]
[2022-08-30T22:02:32.194Z] > git for-each-ref --sort -committerdate --format %(refname) %(objectname) %(*objectname) [10ms]
[2022-08-30T22:02:32.208Z] > git config --get commit.template [2ms]
[2022-08-30T22:02:42.729Z] > git check-ignore -v -z --stdin [2ms]
[2022-08-30T22:02:43.244Z] > git status -z -uall [1ms]
[2022-08-30T22:02:43.251Z] > git symbolic-ref --short HEAD [1ms]
[2022-08-30T22:02:43.258Z] > git for-each-ref --format=%(refname)%00%(upstream:short)%00%(objectname)%00%(upstream:track)%00%(upstream:remotename)%00%(upstream:remoteref) refs/heads/master refs/remotes/master [1ms]
[2022-08-30T22:02:43.269Z] > git for-each-ref --sort -committerdate --format %(refname) %(objectname) %(*objectname) [5ms]
[2022-08-30T22:02:43.270Z] > git remote --verbose [2ms]
[2022-08-30T22:02:43.280Z] > git config --get commit.template [1ms]
[2022-08-30T22:02:55.452Z] > git show --textconv :python-code/algoritms/binary_search.py [16ms]
[2022-08-30T22:02:55.455Z] > git ls-files --stage -- /home/arfors/.config/code/python-code/algoritms/binary_search.py [4ms]
[2022-08-30T22:02:55.682Z] > git check-ignore -v -z --stdin [2ms]
[2022-08-30T22:02:56.177Z] > git status -z -uall [4ms]
[2022-08-30T22:02:56.195Z] > git symbolic-ref --short HEAD [3ms]
[2022-08-30T22:02:56.214Z] > git for-each-ref --format=%(refname)%00%(upstream:short)%00%(objectname)%00%(upstream:track)%00%(upstream:remotename)%00%(upstream:remoteref) refs/heads/master refs/remotes/master [4ms]
[2022-08-30T22:02:56.248Z] > git for-each-ref --sort -committerdate --format %(refname) %(objectname) %(*objectname) [16ms]
[2022-08-30T22:02:56.248Z] > git remote --verbose [2ms]
[2022-08-30T22:02:56.267Z] > git config --get commit.template [4ms]
[2022-08-30T22:03:01.284Z] > git status -z -uall [1ms]
[2022-08-30T22:03:01.289Z] > git symbolic-ref --short HEAD [1ms]
[2022-08-30T22:03:01.294Z] > git for-each-ref --format=%(refname)%00%(upstream:short)%00%(objectname)%00%(upstream:track)%00%(upstream:remotename)%00%(upstream:remoteref) refs/heads/master refs/remotes/master [1ms]
[2022-08-30T22:03:01.304Z] > git for-each-ref --sort -committerdate --format %(refname) %(objectname) %(*objectname) [6ms]
[2022-08-30T22:03:01.304Z] > git remote --verbose [1ms]
[2022-08-30T22:03:01.312Z] > git config --get commit.template [1ms]
[2022-08-30T22:03:11.490Z] > git status -z -uall [1ms]
[2022-08-30T22:03:11.499Z] > git symbolic-ref --short HEAD [1ms]
[2022-08-30T22:03:11.508Z] > git for-each-ref --format=%(refname)%00%(upstream:short)%00%(objectname)%00%(upstream:track)%00%(upstream:remotename)%00%(upstream:remoteref) refs/heads/master refs/remotes/master [2ms]
[2022-08-30T22:03:11.525Z] > git for-each-ref --sort -committerdate --format %(refname) %(objectname) %(*objectname) [8ms]
[2022-08-30T22:03:11.526Z] > git remote --verbose [2ms]
[2022-08-30T22:03:11.536Z] > git config --get commit.template [1ms]
[2022-08-30T22:03:17.499Z] > git show --textconv :python-code/algoritms/algoritms.py [16ms]
[2022-08-30T22:03:17.506Z] > git ls-files --stage -- /home/arfors/.config/code/python-code/algoritms/algoritms.py [9ms]
[2022-08-30T22:03:17.811Z] > git check-ignore -v -z --stdin [1ms]
[2022-08-30T22:03:18.325Z] > git status -z -uall [1ms]
[2022-08-30T22:03:18.335Z] > git symbolic-ref --short HEAD [1ms]
[2022-08-30T22:03:18.347Z] > git for-each-ref --format=%(refname)%00%(upstream:short)%00%(objectname)%00%(upstream:track)%00%(upstream:remotename)%00%(upstream:remoteref) refs/heads/master refs/remotes/master [2ms]
[2022-08-30T22:03:18.362Z] > git for-each-ref --sort -committerdate --format %(refname) %(objectname) %(*objectname) [6ms]
[2022-08-30T22:03:18.362Z] > git remote --verbose [1ms]
[2022-08-30T22:03:18.370Z] > git config --get commit.template [1ms]
[2022-08-30T22:03:23.391Z] > git status -z -uall [3ms]
[2022-08-30T22:03:23.404Z] > git symbolic-ref --short HEAD [1ms]
[2022-08-30T22:03:23.416Z] > git for-each-ref --format=%(refname)%00%(upstream:short)%00%(objectname)%00%(upstream:track)%00%(upstream:remotename)%00%(upstream:remoteref) refs/heads/master refs/remotes/master [3ms]
[2022-08-30T22:03:23.441Z] > git remote --verbose [2ms]
[2022-08-30T22:03:23.441Z] > git for-each-ref --sort -committerdate --format %(refname) %(objectname) %(*objectname) [11ms]
[2022-08-30T22:03:23.456Z] > git config --get commit.template [2ms]
[2022-08-30T22:03:30.510Z] > git status -z -uall [1ms]
[2022-08-30T22:03:30.515Z] > git symbolic-ref --short HEAD [1ms]
[2022-08-30T22:03:30.521Z] > git for-each-ref --format=%(refname)%00%(upstream:short)%00%(objectname)%00%(upstream:track)%00%(upstream:remotename)%00%(upstream:remoteref) refs/heads/master refs/remotes/master [2ms]
[2022-08-30T22:03:30.536Z] > git for-each-ref --sort -committerdate --format %(refname) %(objectname) %(*objectname) [7ms]
[2022-08-30T22:03:30.536Z] > git remote --verbose [1ms]
[2022-08-30T22:03:30.546Z] > git config --get commit.template [2ms]
[2022-08-30T22:03:36.255Z] > git status -z -uall [1ms]
[2022-08-30T22:03:36.261Z] > git symbolic-ref --short HEAD [1ms]
[2022-08-30T22:03:36.268Z] > git for-each-ref --format=%(refname)%00%(upstream:short)%00%(objectname)%00%(upstream:track)%00%(upstream:remotename)%00%(upstream:remoteref) refs/heads/master refs/remotes/master [1ms]
[2022-08-30T22:03:36.279Z] > git for-each-ref --sort -committerdate --format %(refname) %(objectname) %(*objectname) [6ms]
[2022-08-30T22:03:36.279Z] > git remote --verbose [1ms]
[2022-08-30T22:03:36.287Z] > git config --get commit.template [1ms]
[2022-08-30T22:03:41.307Z] > git status -z -uall [4ms]
[2022-08-30T22:03:41.325Z] > git symbolic-ref --short HEAD [3ms]
[2022-08-30T22:03:41.344Z] > git for-each-ref --format=%(refname)%00%(upstream:short)%00%(objectname)%00%(upstream:track)%00%(upstream:remotename)%00%(upstream:remoteref) refs/heads/master refs/remotes/master [3ms]
[2022-08-30T22:03:41.367Z] > git for-each-ref --sort -committerdate --format %(refname) %(objectname) %(*objectname) [10ms]
[2022-08-30T22:03:41.368Z] > git remote --verbose [2ms]
[2022-08-30T22:03:41.379Z] > git config --get commit.template [1ms]
[2022-08-30T22:03:46.399Z] > git status -z -uall [4ms]
[2022-08-30T22:03:46.418Z] > git symbolic-ref --short HEAD [3ms]
[2022-08-30T22:03:46.436Z] > git for-each-ref --format=%(refname)%00%(upstream:short)%00%(objectname)%00%(upstream:track)%00%(upstream:remotename)%00%(upstream:remoteref) refs/heads/master refs/remotes/master [4ms]
[2022-08-30T22:03:46.469Z] > git remote --verbose [3ms]
[2022-08-30T22:03:46.469Z] > git for-each-ref --sort -committerdate --format %(refname) %(objectname) %(*objectname) [17ms]
[2022-08-30T22:03:46.481Z] > git config --get commit.template [1ms]
[2022-08-30T22:03:51.493Z] > git status -z -uall [1ms]
[2022-08-30T22:03:51.502Z] > git symbolic-ref --short HEAD [1ms]
[2022-08-30T22:03:51.509Z] > git for-each-ref --format=%(refname)%00%(upstream:short)%00%(objectname)%00%(upstream:track)%00%(upstream:remotename)%00%(upstream:remoteref) refs/heads/master refs/remotes/master [1ms]
[2022-08-30T22:03:51.520Z] > git for-each-ref --sort -committerdate --format %(refname) %(objectname) %(*objectname) [6ms]
[2022-08-30T22:03:51.520Z] > git remote --verbose [1ms]
[2022-08-30T22:03:51.528Z] > git config --get commit.template [1ms]
[2022-08-30T22:03:57.920Z] > git status -z -uall [3ms]
[2022-08-30T22:03:57.938Z] > git symbolic-ref --short HEAD [3ms]
[2022-08-30T22:03:57.958Z] > git for-each-ref --format=%(refname)%00%(upstream:short)%00%(objectname)%00%(upstream:track)%00%(upstream:remotename)%00%(upstream:remoteref) refs/heads/master refs/remotes/master [5ms]
[2022-08-30T22:03:57.985Z] > git for-each-ref --sort -committerdate --format %(refname) %(objectname) %(*objectname) [14ms]
[2022-08-30T22:03:57.985Z] > git remote --verbose [2ms]
[2022-08-30T22:03:58.002Z] > git config --get commit.template [2ms]
[2022-08-30T22:04:03.013Z] > git status -z -uall [2ms]
[2022-08-30T22:04:03.019Z] > git symbolic-ref --short HEAD [1ms]
[2022-08-30T22:04:03.027Z] > git for-each-ref --format=%(refname)%00%(upstream:short)%00%(objectname)%00%(upstream:track)%00%(upstream:remotename)%00%(upstream:remoteref) refs/heads/master refs/remotes/master [1ms]
[2022-08-30T22:04:03.041Z] > git for-each-ref --sort -committerdate --format %(refname) %(objectname) %(*objectname) [7ms]
[2022-08-30T22:04:03.041Z] > git remote --verbose [1ms]
[2022-08-30T22:04:03.050Z] > git config --get commit.template [1ms]
[2022-08-30T22:04:08.066Z] > git status -z -uall [1ms]
[2022-08-30T22:04:08.072Z] > git symbolic-ref --short HEAD [1ms]
[2022-08-30T22:04:08.077Z] > git for-each-ref --format=%(refname)%00%(upstream:short)%00%(objectname)%00%(upstream:track)%00%(upstream:remotename)%00%(upstream:remoteref) refs/heads/master refs/remotes/master [1ms]
[2022-08-30T22:04:08.086Z] > git for-each-ref --sort -committerdate --format %(refname) %(objectname) %(*objectname) [4ms]
[2022-08-30T22:04:08.087Z] > git remote --verbose [1ms]
[2022-08-30T22:04:08.095Z] > git config --get commit.template [1ms]
[2022-08-30T22:04:24.955Z] > git status -z -uall [1ms]
[2022-08-30T22:04:24.961Z] > git symbolic-ref --short HEAD [1ms]
[2022-08-30T22:04:24.967Z] > git for-each-ref --format=%(refname)%00%(upstream:short)%00%(objectname)%00%(upstream:track)%00%(upstream:remotename)%00%(upstream:remoteref) refs/heads/master refs/remotes/master [1ms]
[2022-08-30T22:04:24.979Z] > git for-each-ref --sort -committerdate --format %(refname) %(objectname) %(*objectname) [7ms]
[2022-08-30T22:04:24.979Z] > git remote --verbose [1ms]
[2022-08-30T22:04:24.987Z] > git config --get commit.template [1ms]
[2022-08-30T22:04:34.012Z] > git status -z -uall [6ms]
[2022-08-30T22:04:34.030Z] > git symbolic-ref --short HEAD [3ms]
[2022-08-30T22:04:34.049Z] > git for-each-ref --format=%(refname)%00%(upstream:short)%00%(objectname)%00%(upstream:track)%00%(upstream:remotename)%00%(upstream:remoteref) refs/heads/master refs/remotes/master [4ms]
[2022-08-30T22:04:34.073Z] > git for-each-ref --sort -committerdate --format %(refname) %(objectname) %(*objectname) [8ms]
[2022-08-30T22:04:34.074Z] > git remote --verbose [2ms]
[2022-08-30T22:04:34.084Z] > git config --get commit.template [1ms]
[2022-08-30T22:04:34.546Z] > git fetch [17ms]
[2022-08-30T22:04:34.546Z] fatal: unable to access 'https://github.com/Dmutro4347/my-studie.git/': Could not resolve host: github.com
[2022-08-30T22:04:35.714Z] > git ls-files --stage -- /home/arfors/.config/code/python-code/algoritms/algoritms.py [2ms]
[2022-08-30T22:04:35.741Z] > git show --textconv :python-code/algoritms/algoritms.py [1ms]
[2022-08-30T22:04:39.105Z] > git status -z -uall [4ms]
[2022-08-30T22:04:39.123Z] > git symbolic-ref --short HEAD [3ms]
[2022-08-30T22:04:39.141Z] > git for-each-ref --format=%(refname)%00%(upstream:short)%00%(objectname)%00%(upstream:track)%00%(upstream:remotename)%00%(upstream:remoteref) refs/heads/master refs/remotes/master [3ms]
[2022-08-30T22:04:39.172Z] > git for-each-ref --sort -committerdate --format %(refname) %(objectname) %(*objectname) [16ms]
[2022-08-30T22:04:39.173Z] > git remote --verbose [4ms]
[2022-08-30T22:04:39.188Z] > git config --get commit.template [1ms]
[2022-08-30T22:04:44.208Z] > git status -z -uall [3ms]
[2022-08-30T22:04:44.220Z] > git symbolic-ref --short HEAD [2ms]
[2022-08-30T22:04:44.232Z] > git for-each-ref --format=%(refname)%00%(upstream:short)%00%(objectname)%00%(upstream:track)%00%(upstream:remotename)%00%(upstream:remoteref) refs/heads/master refs/remotes/master [2ms]
[2022-08-30T22:04:44.253Z] > git for-each-ref --sort -committerdate --format %(refname) %(objectname) %(*objectname) [11ms]
[2022-08-30T22:04:44.254Z] > git remote --verbose [2ms]
[2022-08-30T22:04:44.272Z] > git config --get commit.template [2ms]
[2022-08-30T22:04:49.290Z] > git status -z -uall [3ms]
[2022-08-30T22:04:49.308Z] > git symbolic-ref --short HEAD [5ms]
[2022-08-30T22:04:49.323Z] > git for-each-ref --format=%(refname)%00%(upstream:short)%00%(objectname)%00%(upstream:track)%00%(upstream:remotename)%00%(upstream:remoteref) refs/heads/master refs/remotes/master [5ms]
[2022-08-30T22:04:49.349Z] > git for-each-ref --sort -committerdate --format %(refname) %(objectname) %(*objectname) [12ms]
[2022-08-30T22:04:49.349Z] > git remote --verbose [1ms]
[2022-08-30T22:04:49.358Z] > git config --get commit.template [1ms]
[2022-08-30T22:04:54.374Z] > git status -z -uall [4ms]
[2022-08-30T22:04:54.384Z] > git symbolic-ref --short HEAD [0ms]
[2022-08-30T22:04:54.391Z] > git for-each-ref --format=%(refname)%00%(upstream:short)%00%(objectname)%00%(upstream:track)%00%(upstream:remotename)%00%(upstream:remoteref) refs/heads/master refs/remotes/master [1ms]
[2022-08-30T22:04:54.401Z] > git for-each-ref --sort -committerdate --format %(refname) %(objectname) %(*objectname) [5ms]
[2022-08-30T22:04:54.401Z] > git remote --verbose [1ms]
[2022-08-30T22:04:54.409Z] > git config --get commit.template [1ms]
[2022-08-30T22:04:59.428Z] > git status -z -uall [4ms]
[2022-08-30T22:04:59.445Z] > git symbolic-ref --short HEAD [3ms]
[2022-08-30T22:04:59.463Z] > git for-each-ref --format=%(refname)%00%(upstream:short)%00%(objectname)%00%(upstream:track)%00%(upstream:remotename)%00%(upstream:remoteref) refs/heads/master refs/remotes/master [4ms]
[2022-08-30T22:04:59.493Z] > git for-each-ref --sort -committerdate --format %(refname) %(objectname) %(*objectname) [15ms]
[2022-08-30T22:04:59.494Z] > git remote --verbose [3ms]
[2022-08-30T22:04:59.516Z] > git config --get commit.template [2ms]
[2022-08-30T22:05:04.544Z] > git status -z -uall [6ms]
[2022-08-30T22:05:04.559Z] > git symbolic-ref --short HEAD [1ms]
[2022-08-30T22:05:04.568Z] > git for-each-ref --format=%(refname)%00%(upstream:short)%00%(objectname)%00%(upstream:track)%00%(upstream:remotename)%00%(upstream:remoteref) refs/heads/master refs/remotes/master [1ms]
[2022-08-30T22:05:04.581Z] > git for-each-ref --sort -committerdate --format %(refname) %(objectname) %(*objectname) [7ms]
[2022-08-30T22:05:04.581Z] > git remote --verbose [1ms]
[2022-08-30T22:05:04.595Z] > git config --get commit.template [1ms]
[2022-08-30T22:05:09.616Z] > git status -z -uall [4ms]
[2022-08-30T22:05:09.633Z] > git symbolic-ref --short HEAD [2ms]
[2022-08-30T22:05:09.652Z] > git for-each-ref --format=%(refname)%00%(upstream:short)%00%(objectname)%00%(upstream:track)%00%(upstream:remotename)%00%(upstream:remoteref) refs/heads/master refs/remotes/master [4ms]
[2022-08-30T22:05:09.683Z] > git for-each-ref --sort -committerdate --format %(refname) %(objectname) %(*objectname) [17ms]
[2022-08-30T22:05:09.684Z] > git remote --verbose [3ms]
[2022-08-30T22:05:09.701Z] > git config --get commit.template [2ms]
[2022-08-30T22:05:14.720Z] > git status -z -uall [4ms]
[2022-08-30T22:05:14.737Z] > git symbolic-ref --short HEAD [3ms]
[2022-08-30T22:05:14.758Z] > git for-each-ref --format=%(refname)%00%(upstream:short)%00%(objectname)%00%(upstream:track)%00%(upstream:remotename)%00%(upstream:remoteref) refs/heads/master refs/remotes/master [4ms]
[2022-08-30T22:05:14.779Z] > git for-each-ref --sort -committerdate --format %(refname) %(objectname) %(*objectname) [8ms]
[2022-08-30T22:05:14.779Z] > git remote --verbose [1ms]
[2022-08-30T22:05:14.788Z] > git config --get commit.template [1ms]
[2022-08-30T22:05:19.803Z] > git status -z -uall [1ms]
[2022-08-30T22:05:19.808Z] > git symbolic-ref --short HEAD [1ms]
[2022-08-30T22:05:19.813Z] > git for-each-ref --format=%(refname)%00%(upstream:short)%00%(objectname)%00%(upstream:track)%00%(upstream:remotename)%00%(upstream:remoteref) refs/heads/master refs/remotes/master [1ms]
[2022-08-30T22:05:19.823Z] > git for-each-ref --sort -committerdate --format %(refname) %(objectname) %(*objectname) [5ms]
[2022-08-30T22:05:19.824Z] > git remote --verbose [1ms]
[2022-08-30T22:05:19.831Z] > git config --get commit.template [1ms]
[2022-08-30T22:05:24.851Z] > git status -z -uall [4ms]
[2022-08-30T22:05:24.869Z] > git symbolic-ref --short HEAD [3ms]
[2022-08-30T22:05:24.887Z] > git for-each-ref --format=%(refname)%00%(upstream:short)%00%(objectname)%00%(upstream:track)%00%(upstream:remotename)%00%(upstream:remoteref) refs/heads/master refs/remotes/master [4ms]
[2022-08-30T22:05:24.916Z] > git for-each-ref --sort -committerdate --format %(refname) %(objectname) %(*objectname) [14ms]
[2022-08-30T22:05:24.916Z] > git remote --verbose [2ms]
[2022-08-30T22:05:24.931Z] > git config --get commit.template [2ms]
[2022-08-30T22:05:29.951Z] > git status -z -uall [4ms]
[2022-08-30T22:05:29.969Z] > git symbolic-ref --short HEAD [3ms]
[2022-08-30T22:05:29.988Z] > git for-each-ref --format=%(refname)%00%(upstream:short)%00%(objectname)%00%(upstream:track)%00%(upstream:remotename)%00%(upstream:remoteref) refs/heads/master refs/remotes/master [4ms]
[2022-08-30T22:05:30.014Z] > git for-each-ref --sort -committerdate --format %(refname) %(objectname) %(*objectname) [12ms]
[2022-08-30T22:05:30.015Z] > git remote --verbose [2ms]
[2022-08-30T22:05:30.027Z] > git config --get commit.template [1ms]
[2022-08-30T22:05:45.015Z] > git status -z -uall [4ms]
[2022-08-30T22:05:45.033Z] > git symbolic-ref --short HEAD [3ms]
[2022-08-30T22:05:45.048Z] > git for-each-ref --format=%(refname)%00%(upstream:short)%00%(objectname)%00%(upstream:track)%00%(upstream:remotename)%00%(upstream:remoteref) refs/heads/master refs/remotes/master [2ms]
[2022-08-30T22:05:45.061Z] > git for-each-ref --sort -committerdate --format %(refname) %(objectname) %(*objectname) [6ms]
[2022-08-30T22:05:45.062Z] > git remote --verbose [1ms]
[2022-08-30T22:05:45.071Z] > git config --get commit.template [1ms]
[2022-08-30T22:05:50.315Z] > git status -z -uall [4ms]
[2022-08-30T22:05:50.335Z] > git symbolic-ref --short HEAD [2ms]
[2022-08-30T22:05:50.350Z] > git for-each-ref --format=%(refname)%00%(upstream:short)%00%(objectname)%00%(upstream:track)%00%(upstream:remotename)%00%(upstream:remoteref) refs/heads/master refs/remotes/master [3ms]
[2022-08-30T22:05:50.365Z] > git for-each-ref --sort -committerdate --format %(refname) %(objectname) %(*objectname) [8ms]
[2022-08-30T22:05:50.366Z] > git remote --verbose [1ms]
[2022-08-30T22:05:50.375Z] > git config --get commit.template [1ms]
[2022-08-30T22:05:57.884Z] > git status -z -uall [4ms]
[2022-08-30T22:05:57.904Z] > git symbolic-ref --short HEAD [3ms]
[2022-08-30T22:05:57.923Z] > git for-each-ref --format=%(refname)%00%(upstream:short)%00%(objectname)%00%(upstream:track)%00%(upstream:remotename)%00%(upstream:remoteref) refs/heads/master refs/remotes/master [4ms]
[2022-08-30T22:05:57.945Z] > git for-each-ref --sort -committerdate --format %(refname) %(objectname) %(*objectname) [9ms]
[2022-08-30T22:05:57.945Z] > git remote --verbose [1ms]
[2022-08-30T22:05:57.955Z] > git config --get commit.template [1ms]
[2022-08-30T22:06:02.972Z] > git status -z -uall [3ms]
[2022-08-30T22:06:02.982Z] > git symbolic-ref --short HEAD [1ms]
[2022-08-30T22:06:02.990Z] > git for-each-ref --format=%(refname)%00%(upstream:short)%00%(objectname)%00%(upstream:track)%00%(upstream:remotename)%00%(upstream:remoteref) refs/heads/master refs/remotes/master [1ms]
[2022-08-30T22:06:03.002Z] > git for-each-ref --sort -committerdate --format %(refname) %(objectname) %(*objectname) [6ms]
[2022-08-30T22:06:03.002Z] > git remote --verbose [1ms]
[2022-08-30T22:06:03.010Z] > git config --get commit.template [1ms]
[2022-08-30T22:06:09.983Z] > git status -z -uall [4ms]
[2022-08-30T22:06:10.001Z] > git symbolic-ref --short HEAD [3ms]
[2022-08-30T22:06:10.020Z] > git for-each-ref --format=%(refname)%00%(upstream:short)%00%(objectname)%00%(upstream:track)%00%(upstream:remotename)%00%(upstream:remoteref) refs/heads/master refs/remotes/master [4ms]
[2022-08-30T22:06:10.043Z] > git for-each-ref --sort -committerdate --format %(refname) %(objectname) %(*objectname) [12ms]
[2022-08-30T22:06:10.043Z] > git remote --verbose [2ms]
[2022-08-30T22:06:10.057Z] > git config --get commit.template [2ms]
[2022-08-30T22:06:15.078Z] > git status -z -uall [3ms]
[2022-08-30T22:06:15.099Z] > git symbolic-ref --short HEAD [3ms]
[2022-08-30T22:06:15.118Z] > git for-each-ref --format=%(refname)%00%(upstream:short)%00%(objectname)%00%(upstream:track)%00%(upstream:remotename)%00%(upstream:remoteref) refs/heads/master refs/remotes/master [4ms]
[2022-08-30T22:06:15.143Z] > git for-each-ref --sort -committerdate --format %(refname) %(objectname) %(*objectname) [12ms]
[2022-08-30T22:06:15.144Z] > git remote --verbose [2ms]
[2022-08-30T22:06:15.160Z] > git config --get commit.template [2ms]
[2022-08-30T22:06:20.170Z] > git status -z -uall [1ms]
[2022-08-30T22:06:20.175Z] > git symbolic-ref --short HEAD [0ms]
[2022-08-30T22:06:20.181Z] > git for-each-ref --format=%(refname)%00%(upstream:short)%00%(objectname)%00%(upstream:track)%00%(upstream:remotename)%00%(upstream:remoteref) refs/heads/master refs/remotes/master [1ms]
[2022-08-30T22:06:20.190Z] > git for-each-ref --sort -committerdate --format %(refname) %(objectname) %(*objectname) [5ms]
[2022-08-30T22:06:20.190Z] > git remote --verbose [0ms]
[2022-08-30T22:06:20.197Z] > git config --get commit.template [1ms]
[2022-08-30T22:06:25.516Z] > git status -z -uall [4ms]
[2022-08-30T22:06:25.533Z] > git symbolic-ref --short HEAD [3ms]
[2022-08-30T22:06:25.551Z] > git for-each-ref --format=%(refname)%00%(upstream:short)%00%(objectname)%00%(upstream:track)%00%(upstream:remotename)%00%(upstream:remoteref) refs/heads/master refs/remotes/master [3ms]
[2022-08-30T22:06:25.582Z] > git for-each-ref --sort -committerdate --format %(refname) %(objectname) %(*objectname) [16ms]
[2022-08-30T22:06:25.582Z] > git remote --verbose [2ms]
[2022-08-30T22:06:25.598Z] > git config --get commit.template [1ms]
[2022-08-30T22:06:30.747Z] > git status -z -uall [4ms]
[2022-08-30T22:06:30.766Z] > git symbolic-ref --short HEAD [3ms]
[2022-08-30T22:06:30.785Z] > git for-each-ref --format=%(refname)%00%(upstream:short)%00%(objectname)%00%(upstream:track)%00%(upstream:remotename)%00%(upstream:remoteref) refs/heads/master refs/remotes/master [4ms]
[2022-08-30T22:06:30.815Z] > git for-each-ref --sort -committerdate --format %(refname) %(objectname) %(*objectname) [16ms]
[2022-08-30T22:06:30.815Z] > git remote --verbose [2ms]
[2022-08-30T22:06:30.830Z] > git config --get commit.template [1ms]
[2022-08-30T22:06:41.887Z] > git status -z -uall [2ms]
[2022-08-30T22:06:41.903Z] > git symbolic-ref --short HEAD [3ms]
[2022-08-30T22:06:41.914Z] > git for-each-ref --format=%(refname)%00%(upstream:short)%00%(objectname)%00%(upstream:track)%00%(upstream:remotename)%00%(upstream:remoteref) refs/heads/master refs/remotes/master [1ms]
[2022-08-30T22:06:41.940Z] > git for-each-ref --sort -committerdate --format %(refname) %(objectname) %(*objectname) [14ms]
[2022-08-30T22:06:41.940Z] > git remote --verbose [3ms]
[2022-08-30T22:06:41.952Z] > git config --get commit.template [1ms]
[2022-08-30T22:06:46.977Z] > git status -z -uall [4ms]
[2022-08-30T22:06:46.989Z] > git symbolic-ref --short HEAD [1ms]
[2022-08-30T22:06:46.996Z] > git for-each-ref --format=%(refname)%00%(upstream:short)%00%(objectname)%00%(upstream:track)%00%(upstream:remotename)%00%(upstream:remoteref) refs/heads/master refs/remotes/master [2ms]
[2022-08-30T22:06:47.007Z] > git for-each-ref --sort -committerdate --format %(refname) %(objectname) %(*objectname) [6ms]
[2022-08-30T22:06:47.007Z] > git remote --verbose [1ms]
[2022-08-30T22:06:47.015Z] > git config --get commit.template [1ms]
[2022-08-30T22:06:52.037Z] > git status -z -uall [3ms]
[2022-08-30T22:06:52.054Z] > git symbolic-ref --short HEAD [3ms]
[2022-08-30T22:06:52.072Z] > git for-each-ref --format=%(refname)%00%(upstream:short)%00%(objectname)%00%(upstream:track)%00%(upstream:remotename)%00%(upstream:remoteref) refs/heads/master refs/remotes/master [4ms]
[2022-08-30T22:06:52.102Z] > git for-each-ref --sort -committerdate --format %(refname) %(objectname) %(*objectname) [16ms]
[2022-08-30T22:06:52.103Z] > git remote --verbose [3ms]
[2022-08-30T22:06:52.126Z] > git config --get commit.template [3ms]
[2022-08-30T22:06:57.147Z] > git status -z -uall [3ms]
[2022-08-30T22:06:57.164Z] > git symbolic-ref --short HEAD [3ms]
[2022-08-30T22:06:57.183Z] > git for-each-ref --format=%(refname)%00%(upstream:short)%00%(objectname)%00%(upstream:track)%00%(upstream:remotename)%00%(upstream:remoteref) refs/heads/master refs/remotes/master [4ms]
[2022-08-30T22:06:57.213Z] > git for-each-ref --sort -committerdate --format %(refname) %(objectname) %(*objectname) [16ms]
[2022-08-30T22:06:57.214Z] > git remote --verbose [3ms]
[2022-08-30T22:06:57.229Z] > git config --get commit.template [1ms]
[2022-08-30T22:07:02.251Z] > git status -z -uall [3ms]
[2022-08-30T22:07:02.262Z] > git symbolic-ref --short HEAD [1ms]
[2022-08-30T22:07:02.271Z] > git for-each-ref --format=%(refname)%00%(upstream:short)%00%(objectname)%00%(upstream:track)%00%(upstream:remotename)%00%(upstream:remoteref) refs/heads/master refs/remotes/master [1ms]
[2022-08-30T22:07:02.287Z] > git for-each-ref --sort -committerdate --format %(refname) %(objectname) %(*objectname) [8ms]
[2022-08-30T22:07:02.287Z] > git remote --verbose [1ms]
[2022-08-30T22:07:02.297Z] > git config --get commit.template [1ms]
[2022-08-30T22:07:07.318Z] > git status -z -uall [4ms]
[2022-08-30T22:07:07.333Z] > git symbolic-ref --short HEAD [2ms]
[2022-08-30T22:07:07.346Z] > git for-each-ref --format=%(refname)%00%(upstream:short)%00%(objectname)%00%(upstream:track)%00%(upstream:remotename)%00%(upstream:remoteref) refs/heads/master refs/remotes/master [3ms]
[2022-08-30T22:07:07.367Z] > git for-each-ref --sort -committerdate --format %(refname) %(objectname) %(*objectname) [11ms]
[2022-08-30T22:07:07.367Z] > git remote --verbose [2ms]
[2022-08-30T22:07:07.382Z] > git config --get commit.template [1ms]
[2022-08-30T22:07:14.014Z] > git status -z -uall [3ms]
[2022-08-30T22:07:14.026Z] > git symbolic-ref --short HEAD [2ms]
[2022-08-30T22:07:14.038Z] > git for-each-ref --format=%(refname)%00%(upstream:short)%00%(objectname)%00%(upstream:track)%00%(upstream:remotename)%00%(upstream:remoteref) refs/heads/master refs/remotes/master [2ms]
[2022-08-30T22:07:14.061Z] > git for-each-ref --sort -committerdate --format %(refname) %(objectname) %(*objectname) [12ms]
[2022-08-30T22:07:14.062Z] > git remote --verbose [2ms]
[2022-08-30T22:07:14.077Z] > git config --get commit.template [2ms]
[2022-08-30T22:07:19.097Z] > git status -z -uall [3ms]
[2022-08-30T22:07:19.117Z] > git symbolic-ref --short HEAD [2ms]
[2022-08-30T22:07:19.133Z] > git for-each-ref --format=%(refname)%00%(upstream:short)%00%(objectname)%00%(upstream:track)%00%(upstream:remotename)%00%(upstream:remoteref) refs/heads/master refs/remotes/master [4ms]
[2022-08-30T22:07:19.151Z] > git for-each-ref --sort -committerdate --format %(refname) %(objectname) %(*objectname) [10ms]
[2022-08-30T22:07:19.151Z] > git remote --verbose [2ms]
[2022-08-30T22:07:19.162Z] > git config --get commit.template [0ms]
[2022-08-30T22:07:24.184Z] > git status -z -uall [4ms]
[2022-08-30T22:07:24.203Z] > git symbolic-ref --short HEAD [3ms]
[2022-08-30T22:07:24.221Z] > git for-each-ref --format=%(refname)%00%(upstream:short)%00%(objectname)%00%(upstream:track)%00%(upstream:remotename)%00%(upstream:remoteref) refs/heads/master refs/remotes/master [3ms]
[2022-08-30T22:07:24.250Z] > git for-each-ref --sort -committerdate --format %(refname) %(objectname) %(*objectname) [15ms]
[2022-08-30T22:07:24.251Z] > git remote --verbose [2ms]
[2022-08-30T22:07:24.267Z] > git config --get commit.template [2ms]
[2022-08-30T22:07:33.299Z] > git status -z -uall [3ms]
[2022-08-30T22:07:33.315Z] > git symbolic-ref --short HEAD [2ms]
[2022-08-30T22:07:33.331Z] > git for-each-ref --format=%(refname)%00%(upstream:short)%00%(objectname)%00%(upstream:track)%00%(upstream:remotename)%00%(upstream:remoteref) refs/heads/master refs/remotes/master [3ms]
[2022-08-30T22:07:33.352Z] > git for-each-ref --sort -committerdate --format %(refname) %(objectname) %(*objectname) [10ms]
[2022-08-30T22:07:33.352Z] > git remote --verbose [2ms]
[2022-08-30T22:07:33.363Z] > git config --get commit.template [1ms]
[2022-08-30T22:07:34.579Z] > git fetch [17ms]
[2022-08-30T22:07:34.579Z] fatal: unable to access 'https://github.com/Dmutro4347/my-studie.git/': Could not resolve host: github.com
[2022-08-30T22:07:35.739Z] > git ls-files --stage -- /home/arfors/.config/code/python-code/algoritms/algoritms.py [1ms]
[2022-08-30T22:07:35.748Z] > git show --textconv :python-code/algoritms/algoritms.py [1ms]
[2022-08-30T22:07:38.372Z] > git status -z -uall [1ms]
[2022-08-30T22:07:38.380Z] > git symbolic-ref --short HEAD [1ms]
[2022-08-30T22:07:38.387Z] > git for-each-ref --format=%(refname)%00%(upstream:short)%00%(objectname)%00%(upstream:track)%00%(upstream:remotename)%00%(upstream:remoteref) refs/heads/master refs/remotes/master [1ms]
[2022-08-30T22:07:38.399Z] > git for-each-ref --sort -committerdate --format %(refname) %(objectname) %(*objectname) [6ms]
[2022-08-30T22:07:38.399Z] > git remote --verbose [1ms]
[2022-08-30T22:07:38.407Z] > git config --get commit.template [1ms]
[2022-08-30T22:07:43.427Z] > git status -z -uall [1ms]
[2022-08-30T22:07:43.446Z] > git symbolic-ref --short HEAD [4ms]
[2022-08-30T22:07:43.466Z] > git for-each-ref --format=%(refname)%00%(upstream:short)%00%(objectname)%00%(upstream:track)%00%(upstream:remotename)%00%(upstream:remoteref) refs/heads/master refs/remotes/master [3ms]
[2022-08-30T22:07:43.498Z] > git for-each-ref --sort -committerdate --format %(refname) %(objectname) %(*objectname) [16ms]
[2022-08-30T22:07:43.499Z] > git remote --verbose [2ms]
[2022-08-30T22:07:43.522Z] > git config --get commit.template [3ms]
[2022-08-30T22:07:48.543Z] > git status -z -uall [4ms]
[2022-08-30T22:07:48.562Z] > git symbolic-ref --short HEAD [3ms]
[2022-08-30T22:07:48.580Z] > git for-each-ref --format=%(refname)%00%(upstream:short)%00%(objectname)%00%(upstream:track)%00%(upstream:remotename)%00%(upstream:remoteref) refs/heads/master refs/remotes/master [4ms]
[2022-08-30T22:07:48.598Z] > git for-each-ref --sort -committerdate --format %(refname) %(objectname) %(*objectname) [6ms]
[2022-08-30T22:07:48.598Z] > git remote --verbose [2ms]
[2022-08-30T22:07:48.606Z] > git config --get commit.template [0ms]
[2022-08-30T22:08:01.483Z] > git status -z -uall [2ms]
[2022-08-30T22:08:01.491Z] > git symbolic-ref --short HEAD [1ms]
[2022-08-30T22:08:01.499Z] > git for-each-ref --format=%(refname)%00%(upstream:short)%00%(objectname)%00%(upstream:track)%00%(upstream:remotename)%00%(upstream:remoteref) refs/heads/master refs/remotes/master [1ms]
[2022-08-30T22:08:01.509Z] > git remote --verbose [1ms]
[2022-08-30T22:08:01.509Z] > git for-each-ref --sort -committerdate --format %(refname) %(objectname) %(*objectname) [6ms]
[2022-08-30T22:08:01.516Z] > git config --get commit.template [0ms]
[2022-08-30T22:08:06.528Z] > git status -z -uall [2ms]
[2022-08-30T22:08:06.536Z] > git symbolic-ref --short HEAD [1ms]
[2022-08-30T22:08:06.543Z] > git for-each-ref --format=%(refname)%00%(upstream:short)%00%(objectname)%00%(upstream:track)%00%(upstream:remotename)%00%(upstream:remoteref) refs/heads/master refs/remotes/master [1ms]
[2022-08-30T22:08:06.553Z] > git for-each-ref --sort -committerdate --format %(refname) %(objectname) %(*objectname) [5ms]
[2022-08-30T22:08:06.553Z] > git remote --verbose [1ms]
[2022-08-30T22:08:06.560Z] > git config --get commit.template [1ms]
[2022-08-30T22:08:19.097Z] > git status -z -uall [2ms]
[2022-08-30T22:08:19.117Z] > git symbolic-ref --short HEAD [4ms]
[2022-08-30T22:08:19.139Z] > git for-each-ref --format=%(refname)%00%(upstream:short)%00%(objectname)%00%(upstream:track)%00%(upstream:remotename)%00%(upstream:remoteref) refs/heads/master refs/remotes/master [3ms]
[2022-08-30T22:08:19.175Z] > git for-each-ref --sort -committerdate --format %(refname) %(objectname) %(*objectname) [21ms]
[2022-08-30T22:08:19.176Z] > git remote --verbose [2ms]
[2022-08-30T22:08:19.194Z] > git config --get commit.template [3ms]
[2022-08-30T22:08:26.295Z] > git status -z -uall [2ms]
[2022-08-30T22:08:26.317Z] > git symbolic-ref --short HEAD [3ms]
[2022-08-30T22:08:26.336Z] > git for-each-ref --format=%(refname)%00%(upstream:short)%00%(objectname)%00%(upstream:track)%00%(upstream:remotename)%00%(upstream:remoteref) refs/heads/master refs/remotes/master [1ms]
[2022-08-30T22:08:26.371Z] > git for-each-ref --sort -committerdate --format %(refname) %(objectname) %(*objectname) [20ms]
[2022-08-30T22:08:26.372Z] > git remote --verbose [4ms]
[2022-08-30T22:08:26.390Z] > git config --get commit.template [1ms]
[2022-08-30T22:08:33.236Z] > git status -z -uall [4ms]
[2022-08-30T22:08:33.256Z] > git symbolic-ref --short HEAD [3ms]
[2022-08-30T22:08:33.278Z] > git for-each-ref --format=%(refname)%00%(upstream:short)%00%(objectname)%00%(upstream:track)%00%(upstream:remotename)%00%(upstream:remoteref) refs/heads/master refs/remotes/master [4ms]
[2022-08-30T22:08:33.304Z] > git for-each-ref --sort -committerdate --format %(refname) %(objectname) %(*objectname) [12ms]
[2022-08-30T22:08:33.304Z] > git remote --verbose [2ms]
[2022-08-30T22:08:33.318Z] > git config --get commit.template [1ms]
[2022-08-30T22:08:38.341Z] > git status -z -uall [4ms]
[2022-08-30T22:08:38.360Z] > git symbolic-ref --short HEAD [3ms]
[2022-08-30T22:08:38.378Z] > git for-each-ref --format=%(refname)%00%(upstream:short)%00%(objectname)%00%(upstream:track)%00%(upstream:remotename)%00%(upstream:remoteref) refs/heads/master refs/remotes/master [4ms]
[2022-08-30T22:08:38.406Z] > git for-each-ref --sort -committerdate --format %(refname) %(objectname) %(*objectname) [13ms]
[2022-08-30T22:08:38.407Z] > git remote --verbose [2ms]
[2022-08-30T22:08:38.419Z] > git config --get commit.template [2ms]
[2022-08-30T22:08:43.439Z] > git status -z -uall [4ms]
[2022-08-30T22:08:43.458Z] > git symbolic-ref --short HEAD [3ms]
[2022-08-30T22:08:43.477Z] > git for-each-ref --format=%(refname)%00%(upstream:short)%00%(objectname)%00%(upstream:track)%00%(upstream:remotename)%00%(upstream:remoteref) refs/heads/master refs/remotes/master [4ms]
[2022-08-30T22:08:43.506Z] > git for-each-ref --sort -committerdate --format %(refname) %(objectname) %(*objectname) [15ms]
[2022-08-30T22:08:43.506Z] > git remote --verbose [1ms]
[2022-08-30T22:08:43.518Z] > git config --get commit.template [1ms]
[2022-08-30T22:08:48.541Z] > git status -z -uall [4ms]
[2022-08-30T22:08:48.558Z] > git symbolic-ref --short HEAD [3ms]
[2022-08-30T22:08:48.576Z] > git for-each-ref --format=%(refname)%00%(upstream:short)%00%(objectname)%00%(upstream:track)%00%(upstream:remotename)%00%(upstream:remoteref) refs/heads/master refs/remotes/master [4ms]
[2022-08-30T22:08:48.605Z] > git for-each-ref --sort -committerdate --format %(refname) %(objectname) %(*objectname) [15ms]
[2022-08-30T22:08:48.605Z] > git remote --verbose [0ms]
[2022-08-30T22:08:48.613Z] > git config --get commit.template [1ms]
[2022-08-30T22:08:58.949Z] > git status -z -uall [3ms]
[2022-08-30T22:08:58.968Z] > git symbolic-ref --short HEAD [1ms]
[2022-08-30T22:08:58.988Z] > git for-each-ref --format=%(refname)%00%(upstream:short)%00%(objectname)%00%(upstream:track)%00%(upstream:remotename)%00%(upstream:remoteref) refs/heads/master refs/remotes/master [2ms]
[2022-08-30T22:08:59.009Z] > git for-each-ref --sort -committerdate --format %(refname) %(objectname) %(*objectname) [11ms]
[2022-08-30T22:08:59.010Z] > git remote --verbose [1ms]
[2022-08-30T22:08:59.026Z] > git config --get commit.template [2ms]
[2022-08-30T22:09:04.283Z] > git status -z -uall [4ms]
[2022-08-30T22:09:04.300Z] > git symbolic-ref --short HEAD [3ms]
[2022-08-30T22:09:04.320Z] > git for-each-ref --format=%(refname)%00%(upstream:short)%00%(objectname)%00%(upstream:track)%00%(upstream:remotename)%00%(upstream:remoteref) refs/heads/master refs/remotes/master [4ms]
[2022-08-30T22:09:04.351Z] > git for-each-ref --sort -committerdate --format %(refname) %(objectname) %(*objectname) [17ms]
[2022-08-30T22:09:04.351Z] > git remote --verbose [2ms]
[2022-08-30T22:09:04.372Z] > git config --get commit.template [2ms]
[2022-08-30T22:09:09.394Z] > git status -z -uall [5ms]
[2022-08-30T22:09:09.413Z] > git symbolic-ref --short HEAD [2ms]
[2022-08-30T22:09:09.425Z] > git for-each-ref --format=%(refname)%00%(upstream:short)%00%(objectname)%00%(upstream:track)%00%(upstream:remotename)%00%(upstream:remoteref) refs/heads/master refs/remotes/master [2ms]
[2022-08-30T22:09:09.449Z] > git for-each-ref --sort -committerdate --format %(refname) %(objectname) %(*objectname) [14ms]
[2022-08-30T22:09:09.450Z] > git remote --verbose [2ms]
[2022-08-30T22:09:09.460Z] > git config --get commit.template [1ms]
[2022-08-30T22:09:14.482Z] > git status -z -uall [5ms]
[2022-08-30T22:09:14.502Z] > git symbolic-ref --short HEAD [2ms]
[2022-08-30T22:09:14.520Z] > git for-each-ref --format=%(refname)%00%(upstream:short)%00%(objectname)%00%(upstream:track)%00%(upstream:remotename)%00%(upstream:remoteref) refs/heads/master refs/remotes/master [4ms]
[2022-08-30T22:09:14.559Z] > git for-each-ref --sort -committerdate --format %(refname) %(objectname) %(*objectname) [20ms]
[2022-08-30T22:09:14.561Z] > git remote --verbose [6ms]
[2022-08-30T22:09:14.581Z] > git config --get commit.template [1ms]
[2022-08-30T22:10:34.621Z] > git fetch [26ms]
[2022-08-30T22:10:34.621Z] fatal: unable to access 'https://github.com/Dmutro4347/my-studie.git/': Could not resolve host: github.com
[2022-08-30T22:10:35.672Z] > git status -z -uall [4ms]
[2022-08-30T22:10:35.691Z] > git symbolic-ref --short HEAD [3ms]
[2022-08-30T22:10:35.712Z] > git for-each-ref --format=%(refname)%00%(upstream:short)%00%(objectname)%00%(upstream:track)%00%(upstream:remotename)%00%(upstream:remoteref) refs/heads/master refs/remotes/master [4ms]
[2022-08-30T22:10:35.742Z] > git for-each-ref --sort -committerdate --format %(refname) %(objectname) %(*objectname) [14ms]
[2022-08-30T22:10:35.742Z] > git remote --verbose [2ms]
[2022-08-30T22:10:35.753Z] > git config --get commit.template [0ms]
[2022-08-30T22:10:35.762Z] > git ls-files --stage -- /home/arfors/.config/code/python-code/algoritms/algoritms.py [1ms]
[2022-08-30T22:10:35.773Z] > git show --textconv :python-code/algoritms/algoritms.py [1ms]
[2022-08-30T22:10:43.173Z] > git status -z -uall [4ms]
[2022-08-30T22:10:43.187Z] > git symbolic-ref --short HEAD [1ms]
[2022-08-30T22:10:43.197Z] > git for-each-ref --format=%(refname)%00%(upstream:short)%00%(objectname)%00%(upstream:track)%00%(upstream:remotename)%00%(upstream:remoteref) refs/heads/master refs/remotes/master [2ms]
[2022-08-30T22:10:43.209Z] > git for-each-ref --sort -committerdate --format %(refname) %(objectname) %(*objectname) [6ms]
[2022-08-30T22:10:43.209Z] > git remote --verbose [1ms]
[2022-08-30T22:10:43.218Z] > git config --get commit.template [1ms]
[2022-08-30T22:10:48.244Z] > git status -z -uall [6ms]
[2022-08-30T22:10:48.259Z] > git symbolic-ref --short HEAD [1ms]
[2022-08-30T22:10:48.270Z] > git for-each-ref --format=%(refname)%00%(upstream:short)%00%(objectname)%00%(upstream:track)%00%(upstream:remotename)%00%(upstream:remoteref) refs/heads/master refs/remotes/master [2ms]
[2022-08-30T22:10:48.288Z] > git for-each-ref --sort -committerdate --format %(refname) %(objectname) %(*objectname) [10ms]
[2022-08-30T22:10:48.288Z] > git remote --verbose [1ms]
[2022-08-30T22:10:48.300Z] > git config --get commit.template [1ms]
[2022-08-30T22:10:53.311Z] > git status -z -uall [1ms]
[2022-08-30T22:10:53.317Z] > git symbolic-ref --short HEAD [1ms]
[2022-08-30T22:10:53.325Z] > git for-each-ref --format=%(refname)%00%(upstream:short)%00%(objectname)%00%(upstream:track)%00%(upstream:remotename)%00%(upstream:remoteref) refs/heads/master refs/remotes/master [2ms]
[2022-08-30T22:10:53.338Z] > git for-each-ref --sort -committerdate --format %(refname) %(objectname) %(*objectname) [7ms]
[2022-08-30T22:10:53.339Z] > git remote --verbose [2ms]
[2022-08-30T22:10:53.348Z] > git config --get commit.template [1ms]
[2022-08-30T22:10:59.425Z] > git status -z -uall [4ms]
[2022-08-30T22:10:59.446Z] > git symbolic-ref --short HEAD [3ms]
[2022-08-30T22:10:59.460Z] > git for-each-ref --format=%(refname)%00%(upstream:short)%00%(objectname)%00%(upstream:track)%00%(upstream:remotename)%00%(upstream:remoteref) refs/heads/master refs/remotes/master [3ms]
[2022-08-30T22:10:59.476Z] > git for-each-ref --sort -committerdate --format %(refname) %(objectname) %(*objectname) [7ms]
[2022-08-30T22:10:59.476Z] > git remote --verbose [1ms]
[2022-08-30T22:10:59.489Z] > git config --get commit.template [1ms]
[2022-08-30T22:11:04.496Z] > git status -z -uall [1ms]
[2022-08-30T22:11:04.503Z] > git symbolic-ref --short HEAD [1ms]
[2022-08-30T22:11:04.514Z] > git for-each-ref --format=%(refname)%00%(upstream:short)%00%(objectname)%00%(upstream:track)%00%(upstream:remotename)%00%(upstream:remoteref) refs/heads/master refs/remotes/master [2ms]
[2022-08-30T22:11:04.532Z] > git for-each-ref --sort -committerdate --format %(refname) %(objectname) %(*objectname) [10ms]
[2022-08-30T22:11:04.532Z] > git remote --verbose [1ms]
[2022-08-30T22:11:04.544Z] > git config --get commit.template [1ms]
[2022-08-30T22:11:09.561Z] > git status -z -uall [3ms]
[2022-08-30T22:11:09.581Z] > git symbolic-ref --short HEAD [4ms]
[2022-08-30T22:11:09.593Z] > git for-each-ref --format=%(refname)%00%(upstream:short)%00%(objectname)%00%(upstream:track)%00%(upstream:remotename)%00%(upstream:remoteref) refs/heads/master refs/remotes/master [1ms]
[2022-08-30T22:11:09.611Z] > git for-each-ref --sort -committerdate --format %(refname) %(objectname) %(*objectname) [11ms]
[2022-08-30T22:11:09.611Z] > git remote --verbose [2ms]
[2022-08-30T22:11:09.619Z] > git config --get commit.template [1ms]
[2022-08-30T22:11:14.637Z] > git status -z -uall [2ms]
[2022-08-30T22:11:14.658Z] > git symbolic-ref --short HEAD [3ms]
[2022-08-30T22:11:14.673Z] > git for-each-ref --format=%(refname)%00%(upstream:short)%00%(objectname)%00%(upstream:track)%00%(upstream:remotename)%00%(upstream:remoteref) refs/heads/master refs/remotes/master [3ms]
[2022-08-30T22:11:14.704Z] > git for-each-ref --sort -committerdate --format %(refname) %(objectname) %(*objectname) [17ms]
[2022-08-30T22:11:14.704Z] > git remote --verbose [2ms]
[2022-08-30T22:11:14.725Z] > git config --get commit.template [2ms]
[2022-08-30T22:11:19.745Z] > git status -z -uall [4ms]
[2022-08-30T22:11:19.763Z] > git symbolic-ref --short HEAD [2ms]
[2022-08-30T22:11:19.782Z] > git for-each-ref --format=%(refname)%00%(upstream:short)%00%(objectname)%00%(upstream:track)%00%(upstream:remotename)%00%(upstream:remoteref) refs/heads/master refs/remotes/master [4ms]
[2022-08-30T22:11:19.813Z] > git for-each-ref --sort -committerdate --format %(refname) %(objectname) %(*objectname) [16ms]
[2022-08-30T22:11:19.814Z] > git remote --verbose [3ms]
[2022-08-30T22:11:19.834Z] > git config --get commit.template [3ms]
[2022-08-30T22:11:24.845Z] > git status -z -uall [2ms]
[2022-08-30T22:11:24.853Z] > git symbolic-ref --short HEAD [1ms]
[2022-08-30T22:11:24.862Z] > git for-each-ref --format=%(refname)%00%(upstream:short)%00%(objectname)%00%(upstream:track)%00%(upstream:remotename)%00%(upstream:remoteref) refs/heads/master refs/remotes/master [2ms]
[2022-08-30T22:11:24.877Z] > git for-each-ref --sort -committerdate --format %(refname) %(objectname) %(*objectname) [8ms]
[2022-08-30T22:11:24.878Z] > git remote --verbose [1ms]
[2022-08-30T22:11:24.893Z] > git config --get commit.template [1ms]
[2022-08-30T22:11:35.131Z] > git status -z -uall [4ms]
[2022-08-30T22:11:35.149Z] > git symbolic-ref --short HEAD [3ms]
[2022-08-30T22:11:35.167Z] > git for-each-ref --format=%(refname)%00%(upstream:short)%00%(objectname)%00%(upstream:track)%00%(upstream:remotename)%00%(upstream:remoteref) refs/heads/master refs/remotes/master [4ms]
[2022-08-30T22:11:35.196Z] > git for-each-ref --sort -committerdate --format %(refname) %(objectname) %(*objectname) [15ms]
[2022-08-30T22:11:35.197Z] > git remote --verbose [3ms]
[2022-08-30T22:11:35.215Z] > git config --get commit.template [2ms]
[2022-08-30T22:11:54.912Z] > git status -z -uall [4ms]
[2022-08-30T22:11:54.924Z] > git symbolic-ref --short HEAD [2ms]
[2022-08-30T22:11:54.937Z] > git for-each-ref --format=%(refname)%00%(upstream:short)%00%(objectname)%00%(upstream:track)%00%(upstream:remotename)%00%(upstream:remoteref) refs/heads/master refs/remotes/master [3ms]
[2022-08-30T22:11:54.961Z] > git for-each-ref --sort -committerdate --format %(refname) %(objectname) %(*objectname) [12ms]
[2022-08-30T22:11:54.961Z] > git remote --verbose [2ms]
[2022-08-30T22:11:54.977Z] > git config --get commit.template [2ms]
[2022-08-30T22:11:59.997Z] > git status -z -uall [4ms]
[2022-08-30T22:12:00.014Z] > git symbolic-ref --short HEAD [2ms]
[2022-08-30T22:12:00.034Z] > git for-each-ref --format=%(refname)%00%(upstream:short)%00%(objectname)%00%(upstream:track)%00%(upstream:remotename)%00%(upstream:remoteref) refs/heads/master refs/remotes/master [4ms]
[2022-08-30T22:12:00.064Z] > git for-each-ref --sort -committerdate --format %(refname) %(objectname) %(*objectname) [15ms]
[2022-08-30T22:12:00.065Z] > git remote --verbose [3ms]
[2022-08-30T22:12:00.085Z] > git config --get commit.template [2ms]
[2022-08-30T22:12:05.108Z] > git status -z -uall [4ms]
[2022-08-30T22:12:05.126Z] > git symbolic-ref --short HEAD [3ms]
[2022-08-30T22:12:05.135Z] > git for-each-ref --format=%(refname)%00%(upstream:short)%00%(objectname)%00%(upstream:track)%00%(upstream:remotename)%00%(upstream:remoteref) refs/heads/master refs/remotes/master [1ms]
[2022-08-30T22:12:05.149Z] > git for-each-ref --sort -committerdate --format %(refname) %(objectname) %(*objectname) [7ms]
[2022-08-30T22:12:05.150Z] > git remote --verbose [2ms]
[2022-08-30T22:12:05.159Z] > git config --get commit.template [0ms]
[2022-08-30T22:12:10.184Z] > git status -z -uall [4ms]
[2022-08-30T22:12:10.201Z] > git symbolic-ref --short HEAD [2ms]
[2022-08-30T22:12:10.219Z] > git for-each-ref --format=%(refname)%00%(upstream:short)%00%(objectname)%00%(upstream:track)%00%(upstream:remotename)%00%(upstream:remoteref) refs/heads/master refs/remotes/master [3ms]
[2022-08-30T22:12:10.245Z] > git for-each-ref --sort -committerdate --format %(refname) %(objectname) %(*objectname) [10ms]
[2022-08-30T22:12:10.246Z] > git remote --verbose [2ms]
[2022-08-30T22:12:10.254Z] > git config --get commit.template [1ms]
[2022-08-30T22:12:15.266Z] > git status -z -uall [2ms]
[2022-08-30T22:12:15.272Z] > git symbolic-ref --short HEAD [1ms]
[2022-08-30T22:12:15.279Z] > git for-each-ref --format=%(refname)%00%(upstream:short)%00%(objectname)%00%(upstream:track)%00%(upstream:remotename)%00%(upstream:remoteref) refs/heads/master refs/remotes/master [1ms]
[2022-08-30T22:12:15.291Z] > git for-each-ref --sort -committerdate --format %(refname) %(objectname) %(*objectname) [7ms]
[2022-08-30T22:12:15.291Z] > git remote --verbose [1ms]
[2022-08-30T22:12:15.300Z] > git config --get commit.template [1ms]
[2022-08-30T22:12:20.321Z] > git status -z -uall [4ms]
[2022-08-30T22:12:20.340Z] > git symbolic-ref --short HEAD [4ms]
[2022-08-30T22:12:20.355Z] > git for-each-ref --format=%(refname)%00%(upstream:short)%00%(objectname)%00%(upstream:track)%00%(upstream:remotename)%00%(upstream:remoteref) refs/heads/master refs/remotes/master [2ms]
[2022-08-30T22:12:20.379Z] > git for-each-ref --sort -committerdate --format %(refname) %(objectname) %(*objectname) [12ms]
[2022-08-30T22:12:20.380Z] > git remote --verbose [3ms]
[2022-08-30T22:12:20.389Z] > git config --get commit.template [1ms]
[2022-08-30T22:12:25.408Z] > git status -z -uall [4ms]
[2022-08-30T22:12:25.428Z] > git symbolic-ref --short HEAD [2ms]
[2022-08-30T22:12:25.448Z] > git for-each-ref --format=%(refname)%00%(upstream:short)%00%(objectname)%00%(upstream:track)%00%(upstream:remotename)%00%(upstream:remoteref) refs/heads/master refs/remotes/master [4ms]
[2022-08-30T22:12:25.480Z] > git for-each-ref --sort -committerdate --format %(refname) %(objectname) %(*objectname) [16ms]
[2022-08-30T22:12:25.480Z] > git remote --verbose [2ms]
[2022-08-30T22:12:25.494Z] > git config --get commit.template [2ms]
[2022-08-30T22:12:30.502Z] > git status -z -uall [2ms]
[2022-08-30T22:12:30.509Z] > git symbolic-ref --short HEAD [1ms]
[2022-08-30T22:12:30.516Z] > git for-each-ref --format=%(refname)%00%(upstream:short)%00%(objectname)%00%(upstream:track)%00%(upstream:remotename)%00%(upstream:remoteref) refs/heads/master refs/remotes/master [1ms]
[2022-08-30T22:12:30.530Z] > git for-each-ref --sort -committerdate --format %(refname) %(objectname) %(*objectname) [7ms]
[2022-08-30T22:12:30.531Z] > git remote --verbose [1ms]
[2022-08-30T22:12:30.541Z] > git config --get commit.template [1ms]
[2022-08-30T22:12:35.560Z] > git status -z -uall [4ms]
[2022-08-30T22:12:35.578Z] > git symbolic-ref --short HEAD [3ms]
[2022-08-30T22:12:35.597Z] > git for-each-ref --format=%(refname)%00%(upstream:short)%00%(objectname)%00%(upstream:track)%00%(upstream:remotename)%00%(upstream:remoteref) refs/heads/master refs/remotes/master [4ms]
[2022-08-30T22:12:35.618Z] > git for-each-ref --sort -committerdate --format %(refname) %(objectname) %(*objectname) [11ms]
[2022-08-30T22:12:35.619Z] > git remote --verbose [2ms]
[2022-08-30T22:12:35.633Z] > git config --get commit.template [1ms]
[2022-08-30T22:12:41.632Z] > git status -z -uall [3ms]
[2022-08-30T22:12:41.644Z] > git symbolic-ref --short HEAD [2ms]
[2022-08-30T22:12:41.657Z] > git for-each-ref --format=%(refname)%00%(upstream:short)%00%(objectname)%00%(upstream:track)%00%(upstream:remotename)%00%(upstream:remoteref) refs/heads/master refs/remotes/master [3ms]
[2022-08-30T22:12:41.680Z] > git for-each-ref --sort -committerdate --format %(refname) %(objectname) %(*objectname) [11ms]
[2022-08-30T22:12:41.681Z] > git remote --verbose [2ms]
[2022-08-30T22:12:41.697Z] > git config --get commit.template [3ms]
[2022-08-30T22:12:46.718Z] > git status -z -uall [4ms]
[2022-08-30T22:12:46.737Z] > git symbolic-ref --short HEAD [3ms]
[2022-08-30T22:12:46.755Z] > git for-each-ref --format=%(refname)%00%(upstream:short)%00%(objectname)%00%(upstream:track)%00%(upstream:remotename)%00%(upstream:remoteref) refs/heads/master refs/remotes/master [3ms]
[2022-08-30T22:12:46.787Z] > git for-each-ref --sort -committerdate --format %(refname) %(objectname) %(*objectname) [18ms]
[2022-08-30T22:12:46.787Z] > git remote --verbose [2ms]
[2022-08-30T22:12:46.810Z] > git config --get commit.template [4ms]
[2022-08-30T22:12:51.817Z] > git status -z -uall [1ms]
[2022-08-30T22:12:51.823Z] > git symbolic-ref --short HEAD [1ms]
[2022-08-30T22:12:51.828Z] > git for-each-ref --format=%(refname)%00%(upstream:short)%00%(objectname)%00%(upstream:track)%00%(upstream:remotename)%00%(upstream:remoteref) refs/heads/master refs/remotes/master [1ms]
[2022-08-30T22:12:51.838Z] > git for-each-ref --sort -committerdate --format %(refname) %(objectname) %(*objectname) [5ms]
[2022-08-30T22:12:51.838Z] > git remote --verbose [1ms]
[2022-08-30T22:12:51.845Z] > git config --get commit.template [1ms]
[2022-08-30T22:13:01.482Z] > git status -z -uall [3ms]
[2022-08-30T22:13:01.489Z] > git symbolic-ref --short HEAD [2ms]
[2022-08-30T22:13:01.494Z] > git for-each-ref --format=%(refname)%00%(upstream:short)%00%(objectname)%00%(upstream:track)%00%(upstream:remotename)%00%(upstream:remoteref) refs/heads/master refs/remotes/master [1ms]
[2022-08-30T22:13:01.504Z] > git for-each-ref --sort -committerdate --format %(refname) %(objectname) %(*objectname) [5ms]
[2022-08-30T22:13:01.505Z] > git remote --verbose [2ms]
[2022-08-30T22:13:01.512Z] > git config --get commit.template [1ms]
[2022-08-30T22:13:06.518Z] > git status -z -uall [1ms]
[2022-08-30T22:13:06.526Z] > git symbolic-ref --short HEAD [1ms]
[2022-08-30T22:13:06.533Z] > git for-each-ref --format=%(refname)%00%(upstream:short)%00%(objectname)%00%(upstream:track)%00%(upstream:remotename)%00%(upstream:remoteref) refs/heads/master refs/remotes/master [1ms]
[2022-08-30T22:13:06.542Z] > git for-each-ref --sort -committerdate --format %(refname) %(objectname) %(*objectname) [5ms]
[2022-08-30T22:13:06.542Z] > git remote --verbose [0ms]
[2022-08-30T22:13:06.552Z] > git config --get commit.template [1ms]
[2022-08-30T22:13:11.563Z] > git status -z -uall [1ms]
[2022-08-30T22:13:11.569Z] > git symbolic-ref --short HEAD [1ms]
[2022-08-30T22:13:11.575Z] > git for-each-ref --format=%(refname)%00%(upstream:short)%00%(objectname)%00%(upstream:track)%00%(upstream:remotename)%00%(upstream:remoteref) refs/heads/master refs/remotes/master [1ms]
[2022-08-30T22:13:11.584Z] > git for-each-ref --sort -committerdate --format %(refname) %(objectname) %(*objectname) [5ms]
[2022-08-30T22:13:11.584Z] > git remote --verbose [1ms]
[2022-08-30T22:13:11.591Z] > git config --get commit.template [1ms]
[2022-08-30T22:13:34.646Z] > git fetch [8ms]
[2022-08-30T22:13:34.646Z] fatal: unable to access 'https://github.com/Dmutro4347/my-studie.git/': Could not resolve host: github.com
[2022-08-30T22:13:35.712Z] > git status -z -uall [3ms]
[2022-08-30T22:13:35.726Z] > git symbolic-ref --short HEAD [2ms]
[2022-08-30T22:13:35.740Z] > git for-each-ref --format=%(refname)%00%(upstream:short)%00%(objectname)%00%(upstream:track)%00%(upstream:remotename)%00%(upstream:remoteref) refs/heads/master refs/remotes/master [2ms]
[2022-08-30T22:13:35.765Z] > git for-each-ref --sort -committerdate --format %(refname) %(objectname) %(*objectname) [13ms]
[2022-08-30T22:13:35.765Z] > git remote --verbose [2ms]
[2022-08-30T22:13:35.779Z] > git config --get commit.template [1ms]
[2022-08-30T22:13:35.851Z] > git ls-files --stage -- /home/arfors/.config/code/python-code/algoritms/algoritms.py [2ms]
[2022-08-30T22:13:35.870Z] > git show --textconv :python-code/algoritms/algoritms.py [3ms]
[2022-08-30T22:13:52.835Z] > git status -z -uall [4ms]
[2022-08-30T22:13:52.854Z] > git symbolic-ref --short HEAD [3ms]
[2022-08-30T22:13:52.872Z] > git for-each-ref --format=%(refname)%00%(upstream:short)%00%(objectname)%00%(upstream:track)%00%(upstream:remotename)%00%(upstream:remoteref) refs/heads/master refs/remotes/master [4ms]
[2022-08-30T22:13:52.901Z] > git for-each-ref --sort -committerdate --format %(refname) %(objectname) %(*objectname) [15ms]
[2022-08-30T22:13:52.902Z] > git remote --verbose [3ms]
[2022-08-30T22:13:52.922Z] > git config --get commit.template [2ms]
[2022-08-30T22:13:57.943Z] > git status -z -uall [4ms]
[2022-08-30T22:13:57.960Z] > git symbolic-ref --short HEAD [3ms]
[2022-08-30T22:13:57.983Z] > git for-each-ref --format=%(refname)%00%(upstream:short)%00%(objectname)%00%(upstream:track)%00%(upstream:remotename)%00%(upstream:remoteref) refs/heads/master refs/remotes/master [4ms]
[2022-08-30T22:13:58.012Z] > git for-each-ref --sort -committerdate --format %(refname) %(objectname) %(*objectname) [16ms]
[2022-08-30T22:13:58.020Z] > git remote --verbose [16ms]
[2022-08-30T22:13:58.037Z] > git config --get commit.template [5ms]
[2022-08-30T22:14:03.050Z] > git status -z -uall [3ms]
[2022-08-30T22:14:03.059Z] > git symbolic-ref --short HEAD [1ms]
[2022-08-30T22:14:03.068Z] > git for-each-ref --format=%(refname)%00%(upstream:short)%00%(objectname)%00%(upstream:track)%00%(upstream:remotename)%00%(upstream:remoteref) refs/heads/master refs/remotes/master [2ms]
[2022-08-30T22:14:03.082Z] > git for-each-ref --sort -committerdate --format %(refname) %(objectname) %(*objectname) [7ms]
[2022-08-30T22:14:03.083Z] > git remote --verbose [1ms]
[2022-08-30T22:14:03.093Z] > git config --get commit.template [1ms]
[2022-08-30T22:14:16.529Z] > git status -z -uall [4ms]
[2022-08-30T22:14:16.548Z] > git symbolic-ref --short HEAD [3ms]
[2022-08-30T22:14:16.566Z] > git for-each-ref --format=%(refname)%00%(upstream:short)%00%(objectname)%00%(upstream:track)%00%(upstream:remotename)%00%(upstream:remoteref) refs/heads/master refs/remotes/master [4ms]
[2022-08-30T22:14:16.597Z] > git for-each-ref --sort -committerdate --format %(refname) %(objectname) %(*objectname) [16ms]
[2022-08-30T22:14:16.598Z] > git remote --verbose [3ms]
[2022-08-30T22:14:16.616Z] > git config --get commit.template [2ms]
[2022-08-30T22:14:21.636Z] > git status -z -uall [4ms]
[2022-08-30T22:14:21.654Z] > git symbolic-ref --short HEAD [2ms]
[2022-08-30T22:14:21.675Z] > git for-each-ref --format=%(refname)%00%(upstream:short)%00%(objectname)%00%(upstream:track)%00%(upstream:remotename)%00%(upstream:remoteref) refs/heads/master refs/remotes/master [5ms]
[2022-08-30T22:14:21.696Z] > git for-each-ref --sort -committerdate --format %(refname) %(objectname) %(*objectname) [8ms]
[2022-08-30T22:14:21.696Z] > git remote --verbose [1ms]
[2022-08-30T22:14:21.705Z] > git config --get commit.template [1ms]
[2022-08-30T22:14:26.717Z] > git status -z -uall [1ms]
[2022-08-30T22:14:26.724Z] > git symbolic-ref --short HEAD [2ms]
[2022-08-30T22:14:26.730Z] > git for-each-ref --format=%(refname)%00%(upstream:short)%00%(objectname)%00%(upstream:track)%00%(upstream:remotename)%00%(upstream:remoteref) refs/heads/master refs/remotes/master [1ms]
[2022-08-30T22:14:26.741Z] > git for-each-ref --sort -committerdate --format %(refname) %(objectname) %(*objectname) [6ms]
[2022-08-30T22:14:26.741Z] > git remote --verbose [1ms]
[2022-08-30T22:14:26.749Z] > git config --get commit.template [0ms]
[2022-08-30T22:14:40.431Z] > git rev-parse --show-toplevel [24ms]
[2022-08-30T22:14:40.431Z] fatal: not a git repository (or any of the parent directories): .git
[2022-08-30T22:14:41.786Z] > git status -z -uall [1ms]
[2022-08-30T22:14:41.792Z] > git symbolic-ref --short HEAD [1ms]
[2022-08-30T22:14:41.799Z] > git for-each-ref --format=%(refname)%00%(upstream:short)%00%(objectname)%00%(upstream:track)%00%(upstream:remotename)%00%(upstream:remoteref) refs/heads/master refs/remotes/master [2ms]
[2022-08-30T22:14:41.808Z] > git for-each-ref --sort -committerdate --format %(refname) %(objectname) %(*objectname) [5ms]
[2022-08-30T22:14:41.808Z] > git remote --verbose [1ms]
[2022-08-30T22:14:41.816Z] > git config --get commit.template [1ms]
[2022-08-30T22:14:44.473Z] > git show --textconv :python-code/algoritms/algoritms.py [13ms]
[2022-08-30T22:14:44.474Z] > git ls-files --stage -- /home/arfors/.config/code/python-code/algoritms/algoritms.py [4ms]
[2022-08-30T22:15:27.463Z] > git status -z -uall [5ms]
[2022-08-30T22:15:27.482Z] > git symbolic-ref --short HEAD [2ms]
[2022-08-30T22:15:27.501Z] > git for-each-ref --format=%(refname)%00%(upstream:short)%00%(objectname)%00%(upstream:track)%00%(upstream:remotename)%00%(upstream:remoteref) refs/heads/master refs/remotes/master [4ms]
[2022-08-30T22:15:27.532Z] > git for-each-ref --sort -committerdate --format %(refname) %(objectname) %(*objectname) [17ms]
[2022-08-30T22:15:27.532Z] > git remote --verbose [1ms]
[2022-08-30T22:15:27.543Z] > git config --get commit.template [0ms]
[2022-08-30T22:15:39.146Z] > git status -z -uall [5ms]
[2022-08-30T22:15:39.164Z] > git symbolic-ref --short HEAD [2ms]
[2022-08-30T22:15:39.182Z] > git for-each-ref --format=%(refname)%00%(upstream:short)%00%(objectname)%00%(upstream:track)%00%(upstream:remotename)%00%(upstream:remoteref) refs/heads/master refs/remotes/master [3ms]
[2022-08-30T22:15:39.214Z] > git for-each-ref --sort -committerdate --format %(refname) %(objectname) %(*objectname) [17ms]
[2022-08-30T22:15:39.215Z] > git remote --verbose [3ms]
[2022-08-30T22:15:39.231Z] > git config --get commit.template [2ms]
[2022-08-30T22:16:34.870Z] > git fetch [19ms]
[2022-08-30T22:16:34.870Z] fatal: unable to access 'https://github.com/Dmutro4347/my-studie.git/': Could not resolve host: github.com
[2022-08-30T22:16:35.937Z] > git status -z -uall [2ms]
[2022-08-30T22:16:35.953Z] > git symbolic-ref --short HEAD [2ms]
[2022-08-30T22:16:35.969Z] > git for-each-ref --format=%(refname)%00%(upstream:short)%00%(objectname)%00%(upstream:track)%00%(upstream:remotename)%00%(upstream:remoteref) refs/heads/master refs/remotes/master [2ms]
[2022-08-30T22:16:36.001Z] > git for-each-ref --sort -committerdate --format %(refname) %(objectname) %(*objectname) [15ms]
[2022-08-30T22:16:36.002Z] > git remote --verbose [2ms]
[2022-08-30T22:16:36.014Z] > git config --get commit.template [2ms]
[2022-08-30T22:16:36.035Z] > git ls-files --stage -- /home/arfors/.config/code/python-code/algoritms/algoritms.py [2ms]
[2022-08-30T22:16:36.053Z] > git show --textconv :python-code/algoritms/algoritms.py [2ms]
[2022-08-30T22:16:41.034Z] > git status -z -uall [3ms]
[2022-08-30T22:16:41.052Z] > git symbolic-ref --short HEAD [3ms]
[2022-08-30T22:16:41.074Z] > git for-each-ref --format=%(refname)%00%(upstream:short)%00%(objectname)%00%(upstream:track)%00%(upstream:remotename)%00%(upstream:remoteref) refs/heads/master refs/remotes/master [3ms]
[2022-08-30T22:16:41.107Z] > git for-each-ref --sort -committerdate --format %(refname) %(objectname) %(*objectname) [15ms]
[2022-08-30T22:16:41.107Z] > git remote --verbose [1ms]
[2022-08-30T22:16:41.121Z] > git config --get commit.template [1ms]
[2022-08-30T22:16:46.147Z] > git status -z -uall [2ms]
[2022-08-30T22:16:46.158Z] > git symbolic-ref --short HEAD [2ms]
[2022-08-30T22:16:46.168Z] > git for-each-ref --format=%(refname)%00%(upstream:short)%00%(objectname)%00%(upstream:track)%00%(upstream:remotename)%00%(upstream:remoteref) refs/heads/master refs/remotes/master [2ms]
[2022-08-30T22:16:46.187Z] > git for-each-ref --sort -committerdate --format %(refname) %(objectname) %(*objectname) [11ms]
[2022-08-30T22:16:46.188Z] > git remote --verbose [2ms]
[2022-08-30T22:16:46.203Z] > git config --get commit.template [1ms]
[2022-08-30T22:16:51.225Z] > git status -z -uall [3ms]
[2022-08-30T22:16:51.243Z] > git symbolic-ref --short HEAD [2ms]
[2022-08-30T22:16:51.262Z] > git for-each-ref --format=%(refname)%00%(upstream:short)%00%(objectname)%00%(upstream:track)%00%(upstream:remotename)%00%(upstream:remoteref) refs/heads/master refs/remotes/master [3ms]
[2022-08-30T22:16:51.295Z] > git for-each-ref --sort -committerdate --format %(refname) %(objectname) %(*objectname) [16ms]
[2022-08-30T22:16:51.296Z] > git remote --verbose [3ms]
[2022-08-30T22:16:51.316Z] > git config --get commit.template [2ms]
[2022-08-30T22:16:56.333Z] > git status -z -uall [1ms]
[2022-08-30T22:16:56.343Z] > git symbolic-ref --short HEAD [2ms]
[2022-08-30T22:16:56.350Z] > git for-each-ref --format=%(refname)%00%(upstream:short)%00%(objectname)%00%(upstream:track)%00%(upstream:remotename)%00%(upstream:remoteref) refs/heads/master refs/remotes/master [1ms]
[2022-08-30T22:16:56.361Z] > git for-each-ref --sort -committerdate --format %(refname) %(objectname) %(*objectname) [6ms]
[2022-08-30T22:16:56.361Z] > git remote --verbose [1ms]
[2022-08-30T22:16:56.368Z] > git config --get commit.template [0ms]
[2022-08-30T22:17:01.392Z] > git status -z -uall [4ms]
[2022-08-30T22:17:01.407Z] > git symbolic-ref --short HEAD [2ms]
[2022-08-30T22:17:01.425Z] > git for-each-ref --format=%(refname)%00%(upstream:short)%00%(objectname)%00%(upstream:track)%00%(upstream:remotename)%00%(upstream:remoteref) refs/heads/master refs/remotes/master [3ms]
[2022-08-30T22:17:01.446Z] > git for-each-ref --sort -committerdate --format %(refname) %(objectname) %(*objectname) [11ms]
[2022-08-30T22:17:01.446Z] > git remote --verbose [3ms]
[2022-08-30T22:17:01.456Z] > git config --get commit.template [1ms]
[2022-08-30T22:17:06.479Z] > git status -z -uall [4ms]
[2022-08-30T22:17:06.497Z] > git symbolic-ref --short HEAD [2ms]
[2022-08-30T22:17:06.508Z] > git for-each-ref --format=%(refname)%00%(upstream:short)%00%(objectname)%00%(upstream:track)%00%(upstream:remotename)%00%(upstream:remoteref) refs/heads/master refs/remotes/master [2ms]
[2022-08-30T22:17:06.522Z] > git for-each-ref --sort -committerdate --format %(refname) %(objectname) %(*objectname) [8ms]
[2022-08-30T22:17:06.522Z] > git remote --verbose [1ms]
[2022-08-30T22:17:06.533Z] > git config --get commit.template [1ms]
[2022-08-30T22:17:11.555Z] > git status -z -uall [5ms]
[2022-08-30T22:17:11.573Z] > git symbolic-ref --short HEAD [3ms]
[2022-08-30T22:17:11.591Z] > git for-each-ref --format=%(refname)%00%(upstream:short)%00%(objectname)%00%(upstream:track)%00%(upstream:remotename)%00%(upstream:remoteref) refs/heads/master refs/remotes/master [4ms]
[2022-08-30T22:17:11.624Z] > git for-each-ref --sort -committerdate --format %(refname) %(objectname) %(*objectname) [18ms]
[2022-08-30T22:17:11.625Z] > git remote --verbose [3ms]
[2022-08-30T22:17:11.642Z] > git config --get commit.template [1ms]
[2022-08-30T22:17:16.656Z] > git status -z -uall [2ms]
[2022-08-30T22:17:16.669Z] > git symbolic-ref --short HEAD [1ms]
[2022-08-30T22:17:16.683Z] > git for-each-ref --format=%(refname)%00%(upstream:short)%00%(objectname)%00%(upstream:track)%00%(upstream:remotename)%00%(upstream:remoteref) refs/heads/master refs/remotes/master [3ms]
[2022-08-30T22:17:16.712Z] > git remote --verbose [4ms]
[2022-08-30T22:17:16.712Z] > git for-each-ref --sort -committerdate --format %(refname) %(objectname) %(*objectname) [17ms]
[2022-08-30T22:17:16.728Z] > git config --get commit.template [2ms]
[2022-08-30T22:17:21.744Z] > git status -z -uall [1ms]
[2022-08-30T22:17:21.750Z] > git symbolic-ref --short HEAD [1ms]
[2022-08-30T22:17:21.755Z] > git for-each-ref --format=%(refname)%00%(upstream:short)%00%(objectname)%00%(upstream:track)%00%(upstream:remotename)%00%(upstream:remoteref) refs/heads/master refs/remotes/master [1ms]
[2022-08-30T22:17:21.771Z] > git for-each-ref --sort -committerdate --format %(refname) %(objectname) %(*objectname) [8ms]
[2022-08-30T22:17:21.771Z] > git remote --verbose [1ms]
[2022-08-30T22:17:21.780Z] > git config --get commit.template [2ms]
[2022-08-30T22:17:27.371Z] > git status -z -uall [2ms]
[2022-08-30T22:17:27.379Z] > git symbolic-ref --short HEAD [1ms]
[2022-08-30T22:17:27.387Z] > git for-each-ref --format=%(refname)%00%(upstream:short)%00%(objectname)%00%(upstream:track)%00%(upstream:remotename)%00%(upstream:remoteref) refs/heads/master refs/remotes/master [2ms]
[2022-08-30T22:17:27.398Z] > git for-each-ref --sort -committerdate --format %(refname) %(objectname) %(*objectname) [6ms]
[2022-08-30T22:17:27.398Z] > git remote --verbose [1ms]
[2022-08-30T22:17:27.406Z] > git config --get commit.template [1ms]
[2022-08-30T22:17:32.529Z] > git check-ignore -v -z --stdin [1ms]
[2022-08-30T22:17:36.194Z] > git add -A -- . [3ms]
[2022-08-30T22:17:36.213Z] > git -c user.useConfigOnly=true commit --quiet --allow-empty-message --file - --allow-empty-message [8ms]
[2022-08-30T22:17:36.222Z] > git status -z -uall [1ms]
[2022-08-30T22:17:36.232Z] > git symbolic-ref --short HEAD [1ms]
[2022-08-30T22:17:36.249Z] > git for-each-ref --format=%(refname)%00%(upstream:short)%00%(objectname)%00%(upstream:track)%00%(upstream:remotename)%00%(upstream:remoteref) refs/heads/master refs/remotes/master [2ms]
[2022-08-30T22:17:36.282Z] > git for-each-ref --sort -committerdate --format %(refname) %(objectname) %(*objectname) [16ms]
[2022-08-30T22:17:36.287Z] > git remote --verbose [7ms]
[2022-08-30T22:17:36.306Z] > git config --get commit.template [3ms]
[2022-08-30T22:17:36.426Z] > git config --local branch.master.github-pr-owner-number [2ms]
[2022-08-30T22:17:37.417Z] > git ls-files --stage -- /home/arfors/.config/code/python-code/algoritms/algoritms.py [2ms]
[2022-08-30T22:17:37.428Z] > git cat-file -s f50846b4c7aa7749c37ba1e8738b23678d4b9a94 [2ms]
[2022-08-30T22:17:37.443Z] > git show --textconv :python-code/algoritms/algoritms.py [2ms]
[2022-08-30T22:18:00.373Z] > git status -z -uall [1ms]
[2022-08-30T22:18:00.418Z] > git symbolic-ref --short HEAD [33ms]
[2022-08-30T22:18:00.436Z] > git for-each-ref --format=%(refname)%00%(upstream:short)%00%(objectname)%00%(upstream:track)%00%(upstream:remotename)%00%(upstream:remoteref) refs/heads/master refs/remotes/master [4ms]
[2022-08-30T22:18:00.464Z] > git remote --verbose [2ms]
[2022-08-30T22:18:00.464Z] > git for-each-ref --sort -committerdate --format %(refname) %(objectname) %(*objectname) [16ms]
[2022-08-30T22:18:00.481Z] > git config --get commit.template [2ms]
[2022-08-30T22:18:05.495Z] > git status -z -uall [2ms]
[2022-08-30T22:18:05.507Z] > git symbolic-ref --short HEAD [3ms]
[2022-08-30T22:18:05.525Z] > git for-each-ref --format=%(refname)%00%(upstream:short)%00%(objectname)%00%(upstream:track)%00%(upstream:remotename)%00%(upstream:remoteref) refs/heads/master refs/remotes/master [2ms]
[2022-08-30T22:18:05.553Z] > git for-each-ref --sort -committerdate --format %(refname) %(objectname) %(*objectname) [14ms]
[2022-08-30T22:18:05.553Z] > git remote --verbose [2ms]
[2022-08-30T22:18:05.571Z] > git config --get commit.template [1ms]
[2022-08-30T22:18:07.087Z] > git add -A -- . [5ms]
[2022-08-30T22:18:07.113Z] > git -c user.useConfigOnly=true commit --quiet --allow-empty-message --file - --allow-empty-message [8ms]
[2022-08-30T22:18:07.126Z] > git status -z -uall [2ms]
[2022-08-30T22:18:07.140Z] > git symbolic-ref --short HEAD [2ms]
[2022-08-30T22:18:07.154Z] > git for-each-ref --format=%(refname)%00%(upstream:short)%00%(objectname)%00%(upstream:track)%00%(upstream:remotename)%00%(upstream:remoteref) refs/heads/master refs/remotes/master [3ms]
[2022-08-30T22:18:07.179Z] > git for-each-ref --sort -committerdate --format %(refname) %(objectname) %(*objectname) [12ms]
[2022-08-30T22:18:07.180Z] > git remote --verbose [3ms]
[2022-08-30T22:18:07.197Z] > git config --get commit.template [1ms]
[2022-08-30T22:18:07.245Z] > git config --local branch.master.github-pr-owner-number [2ms]
[2022-08-30T22:18:08.295Z] > git ls-files --stage -- /home/arfors/.config/code/python-code/algoritms/algoritms.py [2ms]
[2022-08-30T22:18:08.310Z] > git cat-file -s fec49d225840ecedfa99bd72a5b7178b695f1f9c [1ms]
[2022-08-30T22:18:08.331Z] > git show --textconv :python-code/algoritms/algoritms.py [3ms]
[2022-08-30T22:20:06.295Z] > git fetch [16ms]
[2022-08-30T22:20:06.295Z] fatal: unable to access 'https://github.com/Dmutro4347/my-studie.git/': Could not resolve host: github.com
[2022-08-30T22:20:07.360Z] > git status -z -uall [1ms]
[2022-08-30T22:20:07.365Z] > git symbolic-ref --short HEAD [1ms]
[2022-08-30T22:20:07.372Z] > git for-each-ref --format=%(refname)%00%(upstream:short)%00%(objectname)%00%(upstream:track)%00%(upstream:remotename)%00%(upstream:remoteref) refs/heads/master refs/remotes/master [1ms]
[2022-08-30T22:20:07.384Z] > git for-each-ref --sort -committerdate --format %(refname) %(objectname) %(*objectname) [7ms]
[2022-08-30T22:20:07.384Z] > git remote --verbose [1ms]
[2022-08-30T22:20:07.393Z] > git config --get commit.template [1ms]
[2022-08-30T22:20:07.474Z] > git ls-files --stage -- /home/arfors/.config/code/python-code/algoritms/algoritms.py [3ms]
[2022-08-30T22:20:07.491Z] > git cat-file -s fec49d225840ecedfa99bd72a5b7178b695f1f9c [2ms]
[2022-08-30T22:20:07.509Z] > git show --textconv :python-code/algoritms/algoritms.py [1ms]
