VSCodium (1.70.2, undefined, desktop)
Jupyter Extension Version: 2022.8.1002170547.
Python Extension Version: 2022.12.1.
Workspace folder /home/arfors/.config/code
info 17:49:25.845: ZMQ install verified.
info 17:49:26.403: LSP Notebooks experiment is disabled -- not in treatment group
info 17:49:26.591: Experiment status for python is {"enabled":true,"optInto":[],"optOutFrom":[]}
info 17:49:26.739: Process Execution: > /bin/python -c "import pkgutil;import json;print("389a87b7-288f-4235-92bf-73bf19bf6491");print(json.dumps(list([x.name for x in pkgutil.iter_modules()])));print("389a87b7-288f-4235-92bf-73bf19bf6491");"
> /bin/python -c "import pkgutil;import json;print("389a87b7-288f-4235-92bf-73bf19bf6491");print(json.dumps(list([x.name for x in pkgutil.iter_modules()])));print("389a87b7-288f-4235-92bf-73bf19bf6491");"
info 17:49:26.753: Process Execution: > /bin/python -m pip list
> /bin/python -m pip list
info 17:49:26.858: Process Execution: > /bin/python -c "import pip"
> /bin/python -c "import pip"
info 17:50:20.794: Shutting down notebooks for 000fcbb2-78cb-44bf-b161-988ca90f12e4
info 17:50:20.794: Disposing HostJupyterExecution b754c134-8d60-4315-aac9-f296a83ac3b6
info 17:50:20.794: Disposing super HostJupyterExecution b754c134-8d60-4315-aac9-f296a83ac3b6
info 17:50:20.794: Disposing HostJupyterExecution b754c134-8d60-4315-aac9-f296a83ac3b6
info 17:50:20.794: Finished disposing HostJupyterExecution  b754c134-8d60-4315-aac9-f296a83ac3b6
info 17:50:20.802: Cleaning up server cache b754c134-8d60-4315-aac9-f296a83ac3b6
info 17:50:20.802: Finished disposing HostJupyterExecution  b754c134-8d60-4315-aac9-f296a83ac3b6
