[2022-09-01T16:49:26.661Z] Log level: Info
[2022-09-01T16:49:26.661Z] [info] Validating found git in: git
[2022-09-01T16:49:26.703Z] [info] Using git 2.37.2 from git
[2022-09-01T16:49:26.769Z] > git rev-parse --show-toplevel [52ms]
[2022-09-01T16:49:26.803Z] > git rev-parse --git-dir --git-common-dir [18ms]
[2022-09-01T16:49:26.813Z] [info] Open repository: /home/arfors/.config/code
[2022-09-01T16:49:26.865Z] > git status -z -uall [31ms]
[2022-09-01T16:49:26.956Z] > git symbolic-ref --short HEAD [76ms]
[2022-09-01T16:49:27.052Z] > git for-each-ref --format=%(refname)%00%(upstream:short)%00%(objectname)%00%(upstream:track)%00%(upstream:remotename)%00%(upstream:remoteref) refs/heads/master refs/remotes/master [90ms]
[2022-09-01T16:49:27.078Z] > git remote --verbose [13ms]
[2022-09-01T16:49:27.078Z] > git for-each-ref --sort -committerdate --format %(refname) %(objectname) %(*objectname) [19ms]
[2022-09-01T16:49:27.166Z] > git config --get commit.template [51ms]
[2022-09-01T16:49:27.178Z] > git status -z -uall [4ms]
[2022-09-01T16:49:27.310Z] > git symbolic-ref --short HEAD [124ms]
[2022-09-01T16:49:27.332Z] > git for-each-ref --format=%(refname)%00%(upstream:short)%00%(objectname)%00%(upstream:track)%00%(upstream:remotename)%00%(upstream:remoteref) refs/heads/master refs/remotes/master [5ms]
[2022-09-01T16:49:27.354Z] > git for-each-ref --sort -committerdate --format %(refname) %(objectname) %(*objectname) [8ms]
[2022-09-01T16:49:27.355Z] > git remote --verbose [2ms]
[2022-09-01T16:49:27.368Z] > git config --get commit.template [1ms]
[2022-09-01T16:49:27.501Z] > git fetch [677ms]
[2022-09-01T16:49:27.510Z] > git check-ignore -v -z --stdin [16ms]
[2022-09-01T16:49:27.511Z] > git status -z -uall [2ms]
[2022-09-01T16:49:27.520Z] > git symbolic-ref --short HEAD [2ms]
[2022-09-01T16:49:27.529Z] > git for-each-ref --format=%(refname)%00%(upstream:short)%00%(objectname)%00%(upstream:track)%00%(upstream:remotename)%00%(upstream:remoteref) refs/heads/master refs/remotes/master [2ms]
[2022-09-01T16:49:27.545Z] > git for-each-ref --sort -committerdate --format %(refname) %(objectname) %(*objectname) [9ms]
[2022-09-01T16:49:27.546Z] > git remote --verbose [2ms]
[2022-09-01T16:49:27.570Z] > git config --get commit.template [13ms]
[2022-09-01T16:49:27.616Z] > git show --textconv :python-code/algoritms/algoritms.py [11ms]
[2022-09-01T16:49:27.618Z] > git ls-files --stage -- /home/arfors/.config/code/python-code/algoritms/algoritms.py [4ms]
[2022-09-01T16:49:27.640Z] > git cat-file -s fec49d225840ecedfa99bd72a5b7178b695f1f9c [15ms]
[2022-09-01T16:49:28.681Z] > git ls-files --stage -- /home/arfors/.config/code/python-code/algoritms/algoritms.py [8ms]
[2022-09-01T16:49:28.705Z] > git cat-file -s fec49d225840ecedfa99bd72a5b7178b695f1f9c [7ms]
[2022-09-01T16:49:28.751Z] > git show --textconv :python-code/algoritms/algoritms.py [3ms]
[2022-09-01T16:49:29.287Z] > git config --local branch.master.github-pr-owner-number [285ms]
[2022-09-01T16:49:30.636Z] > git log --oneline --cherry master...master@{upstream} -- [2ms]
[2022-09-01T16:49:31.187Z] > git pull --tags origin master [538ms]
[2022-09-01T16:49:31.187Z] From https://github.com/Dmutro4347/my-studie
 * branch            master     -> FETCH_HEAD
[2022-09-01T16:49:32.363Z] > git ls-files --stage -- /home/arfors/.config/code/python-code/algoritms/algoritms.py [2ms]
[2022-09-01T16:49:32.387Z] > git cat-file -s fec49d225840ecedfa99bd72a5b7178b695f1f9c [2ms]
[2022-09-01T16:49:32.405Z] > git show --textconv :python-code/algoritms/algoritms.py [1ms]
[2022-09-01T16:49:32.805Z] > git push origin master:master [1585ms]
[2022-09-01T16:49:32.805Z] remote: This repository moved. Please use the new location:        
remote:   https://github.com/Dmutro4347/my-studies.git        
To https://github.com/Dmutro4347/my-studie.git
   a10d8c4..2f07b7a  master -> master
[2022-09-01T16:49:32.817Z] > git status -z -uall [2ms]
[2022-09-01T16:49:32.826Z] > git symbolic-ref --short HEAD [1ms]
[2022-09-01T16:49:32.835Z] > git for-each-ref --format=%(refname)%00%(upstream:short)%00%(objectname)%00%(upstream:track)%00%(upstream:remotename)%00%(upstream:remoteref) refs/heads/master refs/remotes/master [1ms]
[2022-09-01T16:49:32.857Z] > git for-each-ref --sort -committerdate --format %(refname) %(objectname) %(*objectname) [13ms]
[2022-09-01T16:49:32.857Z] > git remote --verbose [3ms]
[2022-09-01T16:49:32.885Z] > git config --get commit.template [8ms]
[2022-09-01T16:49:33.905Z] > git config --local branch.master.github-pr-owner-number [57ms]
[2022-09-01T16:49:33.967Z] > git status -z -uall [2ms]
[2022-09-01T16:49:33.979Z] > git symbolic-ref --short HEAD [1ms]
[2022-09-01T16:49:33.989Z] > git for-each-ref --format=%(refname)%00%(upstream:short)%00%(objectname)%00%(upstream:track)%00%(upstream:remotename)%00%(upstream:remoteref) refs/heads/master refs/remotes/master [1ms]
[2022-09-01T16:49:34.009Z] > git for-each-ref --sort -committerdate --format %(refname) %(objectname) %(*objectname) [11ms]
[2022-09-01T16:49:34.010Z] > git remote --verbose [2ms]
[2022-09-01T16:49:34.031Z] > git config --get commit.template [4ms]
[2022-09-01T16:49:34.072Z] > git ls-files --stage -- /home/arfors/.config/code/python-code/algoritms/algoritms.py [2ms]
[2022-09-01T16:49:34.087Z] > git cat-file -s fec49d225840ecedfa99bd72a5b7178b695f1f9c [4ms]
[2022-09-01T16:49:34.101Z] > git show --textconv :python-code/algoritms/algoritms.py [2ms]
